EXTERNAL/TSAI:  VERSION OF 8/8/96

RUNPLAN for 40deg XEM running                                           
 from Gaskell!                                                          
                                                                        
Carbon 1.6%                                                             
from ent.m2 using 0.452 g/cm2- revised 2/20/01, and Dunne 8/01          

----*----1----*----2----*----3----*----4----*----5----*----6----*----7--
                                                                        

TARGET (iZ,iA) = (  6, 12);   avgA =  12.000; amuM= 12.002; avgM= 11.180
 targ= ordina; ttarg(rl)=0.01228; twall=0.00000; tbeam=0.00000; tspec=0.01046
         Nseg  =   2
 MODELS: P elastc(ikk)=14; deut elastic=13; inelastc=  0; Pauli Supresion= 1
 NUCLEAR METHOD= 1;   NUCLEAR_MODEL= 1

    E1    TH    Q2 COS_K         SMR     NUC          INT-SMR
    EP     X    W2 QE-PK  INELA  Q-ELA  ELAST   TOTAL  MODEL

 10.59  2.16 21.00 13.66 0.420E+02  0.00  0.00  1.00  0.00  0.06  1.20
 10.59  2.17 21.00 13.63 0.419E+02  0.00  0.00  1.00  0.00  0.06  1.20
 10.59  2.18 21.00 13.59 0.417E+02  0.00  0.00  1.00  0.00  0.05  1.20
 10.59  2.19 21.00 13.56 0.415E+02  0.00  0.00  1.00  0.00  0.05  1.20
 10.59  2.20 21.00 13.53 0.413E+02  0.00  0.00  1.00  0.00  0.05  1.19
 10.59  2.21 21.00 13.50 0.411E+02  0.00  0.00  1.00  0.00  0.05  1.19
 10.59  2.22 21.00 13.46 0.410E+02  0.00  0.00  1.00  0.00  0.05  1.19
 10.59  2.23 21.00 13.43 0.408E+02  0.00  0.00  1.00  0.00  0.05  1.19
 10.59  2.24 21.00 13.40 0.406E+02  0.00  0.00  1.00  0.00  0.05  1.19
 10.59  2.25 21.00 13.36 0.404E+02  0.00  0.00  1.00  0.00  0.05  1.19
 10.59  2.26 21.00 13.33 0.402E+02  0.00  0.00  1.00  0.00  0.05  1.18
 10.59  2.27 21.00 13.30 0.401E+02  0.00  0.00  1.00  0.00  0.05  1.18
 10.59  2.28 21.00 13.27 0.399E+02  0.00  0.00  1.00  0.00  0.05  1.18
 10.59  2.29 21.00 13.23 0.397E+02  0.00  0.00  1.00  0.00  0.04  1.18
 10.59  2.30 21.00 13.20 0.395E+02  0.00  0.00  1.00  0.00  0.04  1.18
 10.59  2.31 21.00 13.17 0.394E+02  0.00  0.00  1.00  0.00  0.04  1.17
 10.59  2.32 21.00 13.13 0.392E+02  0.00  0.00  1.00  0.00  0.04  1.17
 10.59  2.33 21.00 13.10 0.390E+02  0.00  0.00  1.00  0.00  0.04  1.17
 10.59  2.34 21.00 13.07 0.389E+02  0.00  0.00  1.00  0.00  0.04  1.17
 10.59  2.35 21.00 13.04 0.387E+02  0.00  0.00  1.00  0.00  0.04  1.17
 10.59  2.36 21.00 13.00 0.385E+02  0.00  0.00  1.00  0.00  0.04  1.16
 10.59  2.37 21.00 12.97 0.383E+02  0.00  0.00  1.00  0.00  0.04  1.16
 10.59  2.38 21.00 12.94 0.382E+02  0.00  0.00  1.00  0.00  0.04  1.16
 10.59  2.39 21.00 12.90 0.380E+02  0.00  0.00  1.00  0.00  0.04  1.16
 10.59  2.40 21.00 12.87 0.378E+02  0.00  0.00  1.00  0.00  0.04  1.16
 10.59  2.41 21.00 12.84 0.377E+02  0.00  0.00  1.00  0.00  0.04  1.16
 10.59  2.42 21.00 12.81 0.375E+02  0.00  0.00  1.00  0.00  0.04  1.15
 10.59  2.43 21.00 12.77 0.373E+02  0.00  0.00  1.00  0.00  0.03  1.15
 10.59  2.44 21.00 12.74 0.372E+02  0.00  0.00  1.00  0.00  0.03  1.15
 10.59  2.45 21.00 12.71 0.370E+02  0.00  0.00  1.00  0.00  0.03  1.15
 10.59  2.46 21.00 12.67 0.368E+02  0.00  0.00  1.00  0.00  0.03  1.15
 10.59  2.47 21.00 12.64 0.367E+02  0.00  0.00  1.00  0.00  0.03  1.15
 10.59  2.48 21.00 12.61 0.365E+02  0.00  0.00  1.00  0.00  0.03  1.14
 10.59  2.49 21.00 12.58 0.364E+02  0.00  0.00  1.00  0.00  0.03  1.14
 10.59  2.50 21.00 12.54 0.362E+02  0.00  0.00  1.00  0.00  0.03  1.14
 10.59  2.51 21.00 12.51 0.360E+02  0.00  0.00  1.00  0.00  0.03  1.14
 10.59  2.52 21.00 12.48 0.359E+02  0.00  0.00  1.00  0.00  0.03  1.14
 10.59  2.53 21.00 12.44 0.357E+02  0.00  0.00  1.00  0.00  0.03  1.13
 10.59  2.54 21.00 12.41 0.355E+02  0.00  0.00  1.00  0.00  0.03  1.13
 10.59  2.55 21.00 12.38 0.354E+02  0.00  0.00  1.00  0.00  0.03  1.13
 10.59  2.56 21.00 12.35 0.352E+02  0.00  0.00  1.00  0.00  0.03  1.13
 10.59  2.57 21.00 12.31 0.351E+02  0.00  0.00  1.00  0.00  0.03  1.13
 10.59  2.58 21.00 12.28 0.349E+02  0.00  0.00  1.00  0.00  0.03  1.13
 10.59  2.59 21.00 12.25 0.347E+02  0.00  0.00  1.00  0.00  0.03  1.13
 10.59  2.60 21.00 12.21 0.346E+02  0.00  0.00  1.00  0.00  0.03  1.12
 10.59  2.61 21.00 12.18 0.344E+02  0.00  0.00  1.00  0.00  0.03  1.12
 10.59  2.62 21.00 12.15 0.343E+02  0.00  0.00  1.00  0.00  0.02  1.12
 10.59  2.63 21.00 12.12 0.341E+02  0.00  0.00  1.00  0.00  0.02  1.12
 10.59  2.64 21.00 12.08 0.339E+02  0.00  0.00  1.00  0.00  0.02  1.12
 10.59  2.65 21.00 12.05 0.338E+02  0.00  0.00  1.00  0.00  0.02  1.12
 10.59  2.66 21.00 12.02 0.336E+02  0.00  0.00  1.00  0.00  0.02  1.11
 10.59  2.67 21.00 11.99 0.335E+02  0.00  0.00  1.00  0.00  0.02  1.11
 10.59  2.68 21.00 11.95 0.333E+02  0.00  0.00  1.00  0.00  0.02  1.11
 10.59  2.69 21.00 11.92 0.332E+02  0.00  0.00  1.00  0.00  0.02  1.11
 10.59  2.70 21.00 11.89 0.330E+02  0.00  0.00  1.00  0.00  0.02  1.11
 10.59  2.71 21.00 11.85 0.329E+02  0.00  0.00  1.00  0.00  0.02  1.11
 10.59  2.72 21.00 11.82 0.327E+02  0.00  0.00  1.00  0.00  0.02  1.10
 10.59  2.73 21.00 11.79 0.325E+02  0.00  0.00  1.00  0.00  0.02  1.10
 10.59  2.74 21.00 11.76 0.324E+02  0.00  0.00  1.00  0.00  0.02  1.10
 10.59  2.75 21.00 11.72 0.322E+02  0.00  0.00  1.00  0.00  0.02  1.10
 10.59  2.76 21.00 11.69 0.321E+02  0.00  0.00  1.00  0.00  0.02  1.10
 10.59  2.77 21.00 11.66 0.319E+02  0.00  0.00  1.00  0.00  0.02  1.10
 10.59  2.78 21.00 11.62 0.318E+02  0.00  0.00  1.00  0.00  0.02  1.10
 10.59  2.79 21.00 11.59 0.316E+02  0.00  0.00  1.00  0.00  0.02  1.09
 10.59  2.80 21.00 11.56 0.315E+02  0.00  0.00  1.00  0.00  0.02  1.09
 10.59  2.81 21.00 11.53 0.313E+02  0.00  0.00  1.00  0.00  0.02  1.09
 10.59  2.82 21.00 11.49 0.312E+02  0.00  0.00  1.00  0.00  0.02  1.09
 10.59  2.83 21.00 11.46 0.310E+02  0.00  0.00  1.00  0.00  0.02  1.09
 10.59  2.84 21.00 11.43 0.309E+02  0.00  0.00  1.00  0.00  0.02  1.09
 10.59  2.85 21.00 11.39 0.307E+02  0.00  0.00  1.00  0.00  0.02  1.09
 10.59  2.86 21.00 11.36 0.306E+02  0.00  0.00  1.00  0.00  0.02  1.08
 10.59  2.87 21.00 11.33 0.304E+02  0.00  0.00  1.00  0.00  0.02  1.08
 10.59  2.88 21.00 11.30 0.303E+02  0.00  0.00  1.00  0.00  0.02  1.08
 10.59  2.89 21.00 11.26 0.301E+02  0.00  0.00  1.00  0.00  0.02  1.08
 10.59  2.90 21.00 11.23 0.300E+02  0.00  0.00  1.00  0.00  0.02  1.08
 10.59  2.91 21.00 11.20 0.298E+02  0.00  0.00  1.00  0.00  0.02  1.08
 10.59  2.92 21.00 11.16 0.297E+02  0.00  0.00  1.00  0.00  0.01  1.08
 10.59  2.93 21.00 11.13 0.295E+02  0.00  0.00  1.00  0.00  0.01  1.07
 10.59  2.94 21.00 11.10 0.294E+02  0.00  0.00  1.00  0.00  0.01  1.07
 10.59  2.95 21.00 11.07 0.292E+02  0.00  0.00  1.00  0.00  0.01  1.07
 10.59  2.96 21.00 11.03 0.290E+02  0.00  0.00  1.00  0.00  0.01  1.07
 10.59  2.97 21.00 11.00 0.289E+02  0.00  0.00  1.00  0.00  0.01  1.07
 10.59  2.98 21.00 10.97 0.287E+02  0.00  0.00  1.00  0.00  0.01  1.07
 10.59  2.99 21.00 10.93 0.286E+02  0.00  0.00  1.00  0.00  0.01  1.07
 10.59  3.00 21.00 10.90 0.284E+02  0.00  0.00  1.00  0.00  0.01  1.07
 10.59  3.01 21.00 10.87 0.283E+02  0.00  0.00  1.00  0.00  0.01  1.06
 10.59  3.02 21.00 10.84 0.282E+02  0.00  0.00  1.00  0.00  0.01  1.06
 10.59  3.03 21.00 10.80 0.280E+02  0.00  0.00  1.00  0.00  0.01  1.06
 10.59  3.04 21.00 10.77 0.279E+02  0.00  0.00  1.00  0.00  0.01  1.06
 10.59  3.05 21.00 10.74 0.277E+02  0.00  0.00  1.00  0.00  0.01  1.06
 10.59  3.06 21.00 10.70 0.276E+02  0.00  0.00  1.00  0.00  0.01  1.06
 10.59  3.07 21.00 10.67 0.274E+02  0.00  0.00  1.00  0.00  0.01  1.06
 10.59  3.08 21.00 10.64 0.273E+02  0.00  0.00  1.00  0.00  0.01  1.05
 10.59  3.09 21.00 10.61 0.271E+02  0.00  0.00  1.00  0.00  0.01  1.05
 10.59  3.10 21.00 10.57 0.270E+02  0.00  0.00  1.00  0.00  0.01  1.05
 10.59  3.11 21.00 10.54 0.268E+02  0.00  0.00  1.00  0.00  0.01  1.05
 10.59  3.12 21.00 10.51 0.267E+02  0.00  0.00  1.00  0.00  0.01  1.05
 10.59  3.13 21.00 10.47 0.265E+02  0.00  0.00  1.00  0.00  0.01  1.05
 10.59  3.14 21.00 10.44 0.264E+02  0.00  0.00  1.00  0.00  0.01  1.05
 10.59  3.15 21.00 10.41 0.262E+02  0.00  0.00  1.00  0.00  0.01  1.05
 10.59  3.16 21.00 10.38 0.261E+02  0.00  0.00  1.00  0.00  0.01  1.04
 10.59  3.17 21.00 10.34 0.259E+02  0.00  0.00  1.00  0.00  0.01  1.04
 10.59  3.18 21.00 10.31 0.258E+02  0.00  0.00  1.00  0.00  0.01  1.04
 10.59  3.19 21.00 10.28 0.256E+02  0.00  0.00  1.00  0.00  0.01  1.04
 10.59  3.20 21.00 10.25 0.255E+02  0.00  0.00  1.00  0.00  0.01  1.04
 10.59  3.21 21.00 10.21 0.254E+02  0.00  0.00  1.00  0.00  0.01  1.04
 10.59  3.22 21.00 10.18 0.252E+02  0.00  0.00  1.00  0.00  0.01  1.04
 10.59  3.23 21.00 10.15 0.251E+02  0.00  0.00  1.00  0.00  0.01  1.04
 10.59  3.24 21.00 10.11 0.249E+02  0.00  0.00  1.00  0.00  0.01  1.03
 10.59  3.25 21.00 10.08 0.248E+02  0.00  0.00  1.00  0.00  0.01  1.03
 10.59  3.26 21.00 10.05 0.246E+02  0.00  0.00  1.00  0.00  0.01  1.03
 10.59  3.27 21.00 10.02 0.245E+02  0.00  0.00  1.00  0.00  0.01  1.03
 10.59  3.28 21.00  9.98 0.243E+02  0.00  0.00  1.00  0.00  0.01  1.03
 10.59  3.29 21.00  9.95 0.242E+02  0.00  0.00  1.00  0.00  0.01  1.03
 10.59  3.30 21.00  9.92 0.241E+02  0.00  0.00  1.00  0.00  0.01  1.03
 10.59  3.31 21.00  9.88 0.239E+02  0.00  0.00  1.00  0.00  0.01  1.03
 10.59  3.32 21.00  9.85 0.238E+02  0.00  0.00  1.00  0.00  0.01  1.02
 10.59  3.33 21.00  9.82 0.236E+02  0.00  0.00  1.00  0.00  0.01  1.02
 10.59  3.34 21.00  9.79 0.235E+02  0.00  0.00  1.00  0.00  0.01  1.02
 10.59  3.35 21.00  9.75 0.233E+02  0.00  0.00  1.00  0.00  0.01  1.02
 10.59  3.36 21.00  9.72 0.232E+02  0.00  0.00  1.00  0.00  0.01  1.02
 10.59  3.37 21.00  9.69 0.230E+02  0.00  0.00  1.00  0.00  0.01  1.02
 10.59  3.38 21.00  9.65 0.229E+02  0.00  0.00  1.00  0.00  0.01  1.02
 10.59  3.39 21.00  9.62 0.228E+02  0.00  0.00  1.00  0.00  0.01  1.02
 10.59  3.40 21.00  9.59 0.226E+02  0.00  0.00  1.00  0.00  0.01  1.02
 10.59  3.41 21.00  9.56 0.225E+02  0.00  0.00  1.00  0.00  0.01  1.01
 10.59  3.42 21.00  9.52 0.223E+02  0.00  0.00  1.00  0.00  0.01  1.01
 10.59  3.43 21.00  9.49 0.222E+02  0.00  0.00  1.00  0.00  0.01  1.01
 10.59  3.44 21.00  9.46 0.220E+02  0.00  0.00  1.00  0.00  0.01  1.01
 10.59  3.45 21.00  9.42 0.219E+02  0.00  0.00  1.00  0.00  0.01  1.01
 10.59  3.46 21.00  9.39 0.218E+02  0.00  0.00  1.00  0.00  0.01  1.01
 10.59  3.47 21.00  9.36 0.216E+02  0.00  0.00  1.00  0.00  0.01  1.01
 10.59  3.48 21.00  9.33 0.215E+02  0.00  0.00  1.00  0.00  0.01  1.01
 10.59  3.49 21.00  9.29 0.213E+02  0.00  0.00  1.00  0.00  0.01  1.01
 10.59  3.50 21.00  9.26 0.212E+02  0.00  0.00  1.00  0.00  0.01  1.00
 10.59  3.51 21.00  9.23 0.211E+02  0.00  0.00  1.00  0.00  0.01  1.00
 10.59  3.52 21.00  9.19 0.209E+02  0.00  0.00  1.00  0.00  0.01  1.00
 10.59  3.53 21.00  9.16 0.208E+02  0.00  0.00  1.00  0.00  0.01  1.00
 10.59  3.54 21.00  9.13 0.206E+02  0.00  0.00  1.00  0.00  0.01  1.00
 10.59  3.55 21.00  9.10 0.205E+02  0.00  0.00  1.00  0.00  0.01  1.00
 10.59  3.56 21.00  9.06 0.204E+02  0.00  0.00  1.00  0.00  0.01  1.00
 10.59  3.57 21.00  9.03 0.202E+02  0.00  0.00  1.00  0.00  0.01  1.00
 10.59  3.58 21.00  9.00 0.201E+02  0.00  0.00  1.00  0.00  0.01  0.99
 10.59  3.59 21.00  8.96 0.199E+02  0.00  0.00  1.00  0.00  0.01  0.99
 10.59  3.60 21.00  8.93 0.198E+02  0.00  0.00  1.00  0.00  0.01  0.99
 10.59  3.61 21.00  8.90 0.197E+02  0.00  0.00  1.00  0.00  0.01  0.99
 10.59  3.62 21.00  8.87 0.195E+02  0.00  0.00  1.00  0.00  0.01  0.99
 10.59  3.63 21.00  8.83 0.194E+02  0.00  0.00  1.00  0.00  0.01  0.99
 10.59  3.64 21.00  8.80 0.192E+02  0.00  0.00  1.00  0.00  0.01  0.99
 10.59  3.65 21.00  8.77 0.191E+02  0.00  0.00  1.00  0.00  0.01  0.99
 10.59  3.66 21.00  8.73 0.190E+02  0.00  0.00  1.00  0.00  0.01  0.99
 10.59  3.67 21.00  8.70 0.188E+02  0.00  0.00  1.00  0.00  0.01  0.99
 10.59  3.68 21.00  8.67 0.187E+02  0.00  0.00  1.00  0.00  0.01  0.98
 10.59  3.69 21.00  8.64 0.186E+02  0.00  0.00  1.00  0.00  0.01  0.98
 10.59  3.70 21.00  8.60 0.184E+02  0.00  0.00  1.00  0.00  0.00  0.98
 10.59  3.71 21.00  8.57 0.183E+02  0.00  0.00  1.00  0.00  0.00  0.98
 10.59  3.72 21.00  8.54 0.181E+02  0.00  0.00  1.00  0.00  0.00  0.98
 10.59  3.73 21.00  8.50 0.180E+02  0.00  0.00  1.00  0.00  0.00  0.98
 10.59  3.74 21.00  8.47 0.179E+02  0.00  0.00  1.00  0.00  0.00  0.98
 10.59  3.75 21.00  8.44 0.177E+02  0.00  0.00  1.00  0.00  0.00  0.98
 10.59  3.76 21.00  8.41 0.176E+02  0.00  0.00  1.00  0.00  0.00  0.98
 10.59  3.77 21.00  8.37 0.175E+02  0.00  0.00  1.00  0.00  0.00  0.97
 10.59  3.78 21.00  8.34 0.173E+02  0.00  0.00  1.00  0.00  0.00  0.97
 10.59  3.79 21.00  8.31 0.172E+02  0.00  0.00  1.00  0.00  0.00  0.97
 10.59  3.80 21.00  8.28 0.171E+02  0.00  0.00  1.00  0.00  0.00  0.97
 10.59  3.81 21.00  8.24 0.169E+02  0.00  0.00  1.00  0.00  0.00  0.97
 10.59  3.82 21.00  8.21 0.168E+02  0.00  0.00  1.00  0.00  0.00  0.97
 10.59  3.83 21.00  8.18 0.167E+02  0.00  0.00  1.00  0.00  0.00  0.97
 10.59  3.84 21.00  8.14 0.165E+02  0.00  0.00  1.00  0.00  0.00  0.97
 10.59  3.85 21.00  8.11 0.164E+02  0.00  0.00  1.00  0.00  0.00  0.97
 10.59  3.86 21.00  8.08 0.163E+02  0.00  0.00  1.00  0.00  0.00  0.97
 10.59  3.87 21.00  8.05 0.161E+02  0.00  0.00  1.00  0.00  0.00  0.96
 10.59  3.88 21.00  8.01 0.160E+02  0.00  0.00  1.00  0.00  0.00  0.96
 10.59  3.89 21.00  7.98 0.159E+02  0.00  0.00  1.00  0.00  0.00  0.96
 10.59  3.90 21.00  7.95 0.157E+02  0.00  0.00  1.00  0.00  0.00  0.96
 10.59  3.91 21.00  7.91 0.156E+02  0.00  0.00  1.00  0.00  0.00  0.96
 10.59  3.92 21.00  7.88 0.155E+02  0.00  0.00  1.00  0.00  0.00  0.96
 10.59  3.93 21.00  7.85 0.153E+02  0.00  0.00  1.00  0.00  0.00  0.96
 10.59  3.94 21.00  7.82 0.152E+02  0.00  0.00  1.00  0.00  0.00  0.96
 10.59  3.95 21.00  7.78 0.151E+02  0.00  0.00  1.00  0.00  0.00  0.96
 10.59  3.96 21.00  7.75 0.149E+02  0.00  0.00  1.00  0.00  0.00  0.96
 10.59  3.97 21.00  7.72 0.148E+02  0.00  0.00  1.00  0.00  0.00  0.95
 10.59  3.98 21.00  7.68 0.147E+02  0.00  0.00  1.00  0.00  0.00  0.95
 10.59  3.99 21.00  7.65 0.146E+02  0.00  0.00  1.00  0.00  0.00  0.95
 10.59  4.00 21.00  7.62 0.144E+02  0.00  0.00  1.00  0.00  0.00  0.95
 10.59  4.01 21.00  7.59 0.143E+02  0.00  0.00  1.00  0.00  0.00  0.95
 10.59  4.02 21.00  7.55 0.142E+02  0.00  0.00  1.00  0.00  0.00  0.95
 10.59  4.03 21.00  7.52 0.141E+02  0.00  0.00  1.00  0.00  0.00  0.95
 10.59  4.04 21.00  7.49 0.139E+02  0.00  0.00  1.00  0.00  0.00  0.95
 10.59  4.05 21.00  7.45 0.138E+02  0.00  0.00  1.00  0.00  0.00  0.95
 10.59  4.06 21.00  7.42 0.137E+02  0.00  0.00  1.00  0.00  0.00  0.95
 10.59  4.07 21.00  7.39 0.136E+02  0.00  0.00  1.00  0.00  0.00  0.94
 10.59  4.08 21.00  7.36 0.134E+02  0.00  0.00  1.00  0.00  0.00  0.94
 10.59  4.09 21.00  7.32 0.133E+02  0.00  0.00  1.00  0.00  0.00  0.94
 10.59  4.10 21.00  7.29 0.132E+02  0.00  0.00  1.00  0.00  0.00  0.94
 10.59  4.11 21.00  7.26 0.131E+02  0.00  0.00  1.00  0.00  0.00  0.94
 10.59  4.12 21.00  7.22 0.129E+02  0.00  0.00  1.00  0.00  0.00  0.94
 10.59  4.13 21.00  7.19 0.128E+02  0.00  0.00  1.00  0.00  0.00  0.94
 10.59  4.14 21.00  7.16 0.127E+02  0.00  0.00  1.00  0.00  0.00  0.94
 10.59  4.15 21.00  7.13 0.126E+02  0.00  0.00  1.00  0.00  0.00  0.94
 10.59  4.16 21.00  7.09 0.124E+02  0.00  0.00  1.00  0.00  0.00  0.94
 10.59  4.17 21.00  7.06 0.123E+02  0.00  0.00  1.00  0.00  0.00  0.93
 10.59  4.18 21.00  7.03 0.122E+02  0.00  0.00  1.00  0.00  0.00  0.93
 10.59  4.19 21.00  6.99 0.121E+02  0.00  0.00  1.00  0.00  0.00  0.93
 10.59  4.20 21.00  6.96 0.119E+02  0.00  0.00  1.00  0.00  0.00  0.93
 10.59  4.21 21.00  6.93 0.118E+02  0.00  0.00  1.00  0.00  0.00  0.93
 10.59  4.22 21.00  6.90 0.117E+02  0.00  0.00  1.00  0.00  0.00  0.93
 10.59  4.23 21.00  6.86 0.116E+02  0.00  0.00  1.00  0.00  0.00  0.93
 10.59  4.24 21.00  6.83 0.115E+02  0.00  0.00  1.00  0.00  0.00  0.93
 10.59  4.25 21.00  6.80 0.114E+02  0.00  0.00  1.00  0.00  0.00  0.93
 10.59  4.26 21.00  6.76 0.112E+02  0.00  0.00  1.00  0.00  0.00  0.93
 10.59  4.27 21.00  6.73 0.111E+02  0.00  0.00  1.00  0.00  0.00  0.92
 10.59  4.28 21.00  6.70 0.110E+02  0.00  0.00  1.00  0.00  0.00  0.92
 10.59  4.29 21.00  6.67 0.109E+02  0.00  0.00  1.00  0.00  0.00  0.92
 10.59  4.30 21.00  6.63 0.108E+02  0.00  0.00  1.00  0.00  0.00  0.92
 10.59  4.31 21.00  6.60 0.107E+02  0.00  0.00  1.00  0.00  0.00  0.92
 10.59  4.32 21.00  6.57 0.105E+02  0.00  0.00  1.00  0.00  0.00  0.92
 10.59  4.33 21.00  6.54 0.104E+02  0.00  0.00  1.00  0.00  0.00  0.92
 10.59  4.34 21.00  6.50 0.103E+02  0.00  0.00  1.00  0.00  0.00  0.92
 10.59  4.35 21.00  6.47 0.102E+02  0.00  0.00  1.00  0.00  0.00  0.92
 10.59  4.36 21.00  6.44 0.101E+02  0.00  0.00  1.00  0.00  0.00  0.92
 10.59  4.37 21.00  6.40 0.997E+01  0.00  0.00  1.00  0.00  0.00  0.91
 10.59  4.38 21.00  6.37 0.986E+01  0.00  0.00  1.00  0.00  0.00  0.91
 10.59  4.39 21.00  6.34 0.975E+01  0.00  0.00  1.00  0.00  0.00  0.91
 10.59  4.40 21.00  6.31 0.964E+01  0.00  0.00  1.00  0.00  0.00  0.91
 10.59  4.41 21.00  6.27 0.953E+01  0.00  0.00  1.00  0.00  0.00  0.91
 10.59  4.42 21.00  6.24 0.942E+01  0.00  0.00  1.00  0.00  0.00  0.91
 10.59  4.43 21.00  6.21 0.931E+01  0.00  0.00  1.00  0.00  0.00  0.91
 10.59  4.44 21.00  6.17 0.920E+01  0.00  0.00  1.00  0.00  0.00  0.91
 10.59  4.45 21.00  6.14 0.909E+01  0.00  0.00  1.00  0.00  0.00  0.91
 10.59  4.46 21.00  6.11 0.898E+01  0.00  0.00  1.00  0.00  0.00  0.91
 10.59  4.47 21.00  6.08 0.887E+01  0.00  0.00  1.00  0.00  0.00  0.91
 10.59  4.48 21.00  6.04 0.877E+01  0.00  0.00  1.00  0.00  0.00  0.90
 10.59  4.49 21.00  6.01 0.866E+01  0.00  0.00  1.00  0.00  0.00  0.90
 10.59  4.50 21.00  5.98 0.856E+01  0.00  0.00  1.00  0.00  0.00  0.90
 10.59  4.51 21.00  5.94 0.845E+01  0.00  0.00  1.00  0.00  0.00  0.90
 10.59  4.52 21.00  5.91 0.835E+01  0.00  0.00  1.00  0.00  0.00  0.90
 10.59  4.53 21.00  5.88 0.824E+01  0.00  0.00  1.00  0.00  0.00  0.90
 10.59  4.54 21.00  5.85 0.814E+01  0.00  0.00  1.00  0.00  0.00  0.90
 10.59  4.55 21.00  5.81 0.804E+01  0.00  0.00  1.00  0.00  0.00  0.90
 10.59  4.56 21.00  5.78 0.794E+01  0.00  0.00  1.00  0.00  0.00  0.90
 10.59  4.57 21.00  5.75 0.783E+01  0.00  0.00  1.00  0.00  0.00  0.90
 10.59  4.58 21.00  5.71 0.773E+01  0.00  0.00  1.00  0.00  0.00  0.89
 10.59  4.59 21.00  5.68 0.763E+01  0.00  0.00  1.00  0.00  0.00  0.89
 10.59  4.60 21.00  5.65 0.753E+01  0.00  0.00  1.00  0.00  0.00  0.89
 10.59  4.61 21.00  5.62 0.743E+01  0.00  0.00  1.00  0.00  0.00  0.89
 10.59  4.62 21.00  5.58 0.734E+01  0.00  0.00  1.00  0.00  0.00  0.89
 10.59  4.63 21.00  5.55 0.724E+01  0.00  0.00  1.00  0.00  0.00  0.89
 10.59  4.64 21.00  5.52 0.714E+01  0.00  0.00  1.00  0.00  0.00  0.89
 10.59  4.65 21.00  5.48 0.704E+01  0.00  0.00  1.00  0.00  0.00  0.89
 10.59  4.66 21.00  5.45 0.695E+01  0.00  0.00  1.00  0.00  0.00  0.89
 10.59  4.67 21.00  5.42 0.685E+01  0.00  0.00  1.00  0.00  0.00  0.89
 10.59  4.68 21.00  5.39 0.676E+01  0.00  0.00  1.00  0.00  0.00  0.89
 10.59  4.69 21.00  5.35 0.667E+01  0.00  0.00  1.00  0.00  0.00  0.88
 10.59  4.70 21.00  5.32 0.657E+01  0.00  0.00  1.00  0.00  0.00  0.88
 10.59  4.71 21.00  5.29 0.648E+01  0.00  0.00  1.00  0.00  0.00  0.88
 10.59  4.72 21.00  5.25 0.639E+01  0.00  0.00  1.00  0.00  0.00  0.88
 10.59  4.73 21.00  5.22 0.630E+01  0.00  0.00  1.00  0.00  0.00  0.88
 10.59  4.74 21.00  5.19 0.621E+01  0.00  0.00  1.00  0.00  0.00  0.88
 10.59  4.75 21.00  5.16 0.612E+01  0.00  0.00  1.00  0.00  0.00  0.88
 10.59  4.76 21.00  5.12 0.603E+01  0.00  0.00  1.00  0.00  0.00  0.88
 10.59  4.77 21.00  5.09 0.594E+01  0.00  0.00  1.00  0.00  0.00  0.88
 10.59  4.78 21.00  5.06 0.585E+01  0.00  0.00  1.00  0.00  0.00  0.88
 10.59  4.79 21.00  5.02 0.577E+01  0.00  0.00  1.00  0.00  0.00  0.87
 10.59  4.80 21.00  4.99 0.568E+01  0.00  0.00  1.00  0.00  0.00  0.87
 10.59  4.81 21.00  4.96 0.560E+01  0.00  0.00  1.00  0.00  0.00  0.87
 10.59  4.82 21.00  4.93 0.551E+01  0.00  0.00  1.00  0.00  0.00  0.87
 10.59  4.83 21.00  4.89 0.543E+01  0.00  0.00  1.00  0.00  0.00  0.87
 10.59  4.84 21.00  4.86 0.534E+01  0.00  0.00  1.00  0.00  0.00  0.87
 10.59  4.85 21.00  4.83 0.526E+01  0.00  0.00  1.00  0.00  0.00  0.87
 10.59  4.86 21.00  4.79 0.518E+01  0.00  0.00  1.00  0.00  0.00  0.87
 10.59  4.87 21.00  4.76 0.509E+01  0.00  0.00  1.00  0.00  0.00  0.87
 10.59  4.88 21.00  4.73 0.501E+01  0.00  0.00  1.00  0.00  0.00  0.87
 10.59  4.89 21.00  4.70 0.493E+01  0.00  0.00  1.00  0.00  0.00  0.86
 10.59  4.90 21.00  4.66 0.485E+01  0.00  0.00  1.00  0.00  0.00  0.86
 10.59  4.91 21.00  4.63 0.478E+01  0.00  0.00  1.00  0.00  0.00  0.86
 10.59  4.92 21.00  4.60 0.470E+01  0.00  0.00  1.00  0.00  0.00  0.86
 10.59  4.93 21.00  4.57 0.462E+01  0.00  0.00  1.00  0.00  0.00  0.86
 10.59  4.94 21.00  4.53 0.455E+01  0.00  0.00  1.00  0.00  0.00  0.86
 10.59  4.95 21.00  4.50 0.447E+01  0.00  0.00  1.00  0.00  0.00  0.86
 10.59  4.96 21.00  4.47 0.440E+01  0.00  0.00  1.00  0.00  0.00  0.86
 10.59  4.97 21.00  4.43 0.432E+01  0.00  0.00  1.00  0.00  0.00  0.86
 10.59  4.98 21.00  4.40 0.425E+01  0.00  0.00  1.00  0.00  0.00  0.86
 10.59  4.99 21.00  4.37 0.418E+01  0.00  0.00  1.00  0.00  0.00  0.85
 10.59  5.00 21.00  4.34 0.410E+01  0.00  0.00  1.00  0.00  0.00  0.85
 10.59  5.01 21.00  4.30 0.403E+01  0.00  0.00  1.00  0.00  0.00  0.85
 10.59  5.02 21.00  4.27 0.396E+01  0.00  0.00  1.00  0.00  0.00  0.85
 10.59  5.03 21.00  4.24 0.389E+01  0.00  0.00  1.00  0.00  0.01  0.85
 10.59  5.04 21.00  4.20 0.382E+01  0.00  0.00  1.00  0.00  0.01  0.85
 10.59  5.05 21.00  4.17 0.375E+01  0.00  0.00  1.00  0.00  0.01  0.85
 10.59  5.06 21.00  4.14 0.368E+01  0.00  0.00  1.00  0.00  0.01  0.85
 10.59  5.07 21.00  4.11 0.362E+01  0.00  0.00  1.00  0.00  0.01  0.85
 10.59  5.08 21.00  4.07 0.355E+01  0.00  0.00  1.00  0.00  0.01  0.85
 10.59  5.09 21.00  4.04 0.348E+01  0.00  0.00  1.00  0.00  0.01  0.85
 10.59  5.10 21.00  4.01 0.342E+01  0.00  0.00  1.00  0.00  0.01  0.84
 10.59  5.11 21.00  3.97 0.336E+01  0.00  0.00  1.00  0.00  0.01  0.84
 10.59  5.12 21.00  3.94 0.330E+01  0.00  0.00  1.00  0.00  0.01  0.84
 10.59  5.13 21.00  3.91 0.323E+01  0.00  0.00  1.00  0.00  0.01  0.84
 10.59  5.14 21.00  3.88 0.317E+01  0.00  0.00  1.00  0.00  0.01  0.84
 10.59  5.15 21.00  3.84 0.311E+01  0.00  0.00  1.00  0.00  0.01  0.84
 10.59  5.16 21.00  3.81 0.305E+01  0.00  0.00  1.00  0.00  0.01  0.84
 10.59  5.17 21.00  3.78 0.299E+01  0.00  0.00  1.00  0.00  0.01  0.84
 10.59  5.18 21.00  3.74 0.293E+01  0.00  0.00  1.00  0.00  0.01  0.84
 10.59  5.19 21.00  3.71 0.287E+01  0.00  0.00  1.00  0.00  0.01  0.83
 10.59  5.20 21.00  3.68 0.282E+01  0.00  0.00  1.00  0.00  0.01  0.83
 10.59  5.21 21.00  3.65 0.276E+01  0.00  0.00  1.00  0.00  0.01  0.83
 10.59  5.22 21.00  3.61 0.270E+01  0.00  0.00  1.00  0.00  0.01  0.83
 10.59  5.23 21.00  3.58 0.265E+01  0.00  0.00  1.00  0.00  0.01  0.83
 10.59  5.24 21.00  3.55 0.259E+01  0.00  0.00  1.00  0.00  0.01  0.83
 10.59  5.25 21.00  3.51 0.254E+01  0.00  0.00  1.00  0.00  0.01  0.83
 10.59  5.26 21.00  3.48 0.248E+01  0.00  0.00  1.00  0.00  0.01  0.83
 10.59  5.27 21.00  3.45 0.243E+01  0.00  0.01  0.99  0.00  0.01  0.83
 10.59  5.28 21.00  3.42 0.238E+01  0.00  0.01  0.99  0.00  0.01  0.82
 10.59  5.29 21.00  3.38 0.233E+01  0.00  0.01  0.99  0.00  0.01  0.82
 10.59  5.30 21.00  3.35 0.228E+01  0.00  0.01  0.99  0.00  0.01  0.82
 10.59  5.31 21.00  3.32 0.223E+01  0.00  0.01  0.99  0.00  0.01  0.82
 10.59  5.32 21.00  3.28 0.218E+01  0.00  0.01  0.99  0.00  0.01  0.82
 10.59  5.33 21.00  3.25 0.213E+01  0.00  0.01  0.99  0.00  0.01  0.82
 10.59  5.34 21.00  3.22 0.209E+01  0.00  0.01  0.99  0.00  0.01  0.82
 10.59  5.35 21.00  3.19 0.204E+01  0.00  0.01  0.99  0.00  0.01  0.82
 10.59  5.36 21.00  3.15 0.199E+01  0.00  0.01  0.99  0.00  0.01  0.81
 10.59  5.37 21.00  3.12 0.194E+01  0.00  0.01  0.99  0.00  0.01  0.81
 10.59  5.38 21.00  3.09 0.190E+01  0.00  0.01  0.99  0.00  0.01  0.81
 10.59  5.39 21.00  3.05 0.185E+01  0.00  0.01  0.99  0.00  0.01  0.81
 10.59  5.40 21.00  3.02 0.182E+01  0.00  0.01  0.99  0.00  0.01  0.81
 10.59  5.41 21.00  2.99 0.177E+01  0.00  0.01  0.99  0.00  0.01  0.81
 10.59  5.42 21.00  2.96 0.172E+01  0.00  0.01  0.99  0.00  0.01  0.81
 10.59  5.43 21.00  2.92 0.168E+01  0.00  0.01  0.99  0.00  0.01  0.81
 10.59  5.44 21.00  2.89 0.164E+01  0.00  0.01  0.99  0.00  0.01  0.81
 10.59  5.45 21.00  2.86 0.160E+01  0.00  0.01  0.99  0.00  0.01  0.80
 10.59  5.46 21.00  2.83 0.156E+01  0.00  0.01  0.99  0.00  0.01  0.80
 10.59  5.47 21.00  2.79 0.152E+01  0.00  0.01  0.99  0.00  0.01  0.80
 10.59  5.48 21.00  2.76 0.149E+01  0.00  0.01  0.99  0.00  0.01  0.80
 10.59  5.49 21.00  2.73 0.145E+01  0.00  0.01  0.99  0.00  0.02  0.80
 10.59  5.50 21.00  2.69 0.142E+01  0.00  0.01  0.99  0.00  0.02  0.80
 10.59  5.51 21.00  2.66 0.138E+01  0.00  0.01  0.99  0.00  0.02  0.79
 10.59  5.52 21.00  2.63 0.135E+01  0.00  0.01  0.99  0.00  0.02  0.79
 10.59  5.53 21.00  2.60 0.131E+01  0.00  0.01  0.99  0.00  0.02  0.79
 10.59  5.54 21.00  2.56 0.127E+01  0.00  0.01  0.99  0.00  0.02  0.79
 10.59  5.55 21.00  2.53 0.124E+01  0.00  0.01  0.99  0.00  0.02  0.79
 10.59  5.56 21.00  2.50 0.120E+01  0.00  0.02  0.98  0.00  0.02  0.79
 10.59  5.57 21.00  2.46 0.117E+01  0.00  0.02  0.98  0.00  0.02  0.79
 10.59  5.58 21.00  2.43 0.114E+01  0.00  0.02  0.98  0.00  0.02  0.78
 10.59  5.59 21.00  2.40 0.110E+01  0.00  0.02  0.98  0.00  0.02  0.78
 10.59  5.60 21.00  2.37 0.107E+01  0.00  0.02  0.98  0.00  0.02  0.78
 10.59  5.61 21.00  2.33 0.104E+01  0.00  0.02  0.98  0.00  0.02  0.78
 10.59  5.62 21.00  2.30 0.101E+01  0.00  0.02  0.98  0.00  0.02  0.78
 10.59  5.63 21.00  2.27 0.982E+00  0.00  0.02  0.98  0.00  0.02  0.78
 10.59  5.64 21.00  2.23 0.956E+00  0.00  0.02  0.98  0.00  0.02  0.78
 10.59  5.65 21.00  2.20 0.932E+00  0.00  0.02  0.98  0.00  0.03  0.77
 10.59  5.66 21.00  2.17 0.907E+00  0.00  0.02  0.98  0.00  0.03  0.77
 10.59  5.67 21.00  2.14 0.882E+00  0.00  0.02  0.98  0.00  0.03  0.77
 10.59  5.68 21.00  2.10 0.857E+00  0.00  0.03  0.97  0.00  0.03  0.77
 10.59  5.69 21.00  2.07 0.832E+00  0.00  0.03  0.97  0.00  0.03  0.76
 10.59  5.70 21.00  2.04 0.808E+00  0.00  0.03  0.97  0.00  0.03  0.76
 10.59  5.71 21.00  2.00 0.782E+00  0.00  0.03  0.97  0.00  0.03  0.76
 10.59  5.72 21.00  1.97 0.756E+00  0.00  0.03  0.97  0.00  0.03  0.76
 10.59  5.73 21.00  1.94 0.724E+00  0.00  0.03  0.97  0.00  0.03  0.76
 10.59  5.74 21.00  1.91 0.702E+00  0.00  0.03  0.97  0.00  0.04  0.76
 10.59  5.75 21.00  1.87 0.683E+00  0.00  0.04  0.96  0.00  0.04  0.75
 10.59  5.76 21.00  1.84 0.656E+00  0.00  0.04  0.96  0.00  0.04  0.75
 10.59  5.77 21.00  1.81 0.633E+00  0.00  0.04  0.96  0.00  0.04  0.75
 10.59  5.78 21.00  1.77 0.612E+00  0.00  0.04  0.96  0.00  0.04  0.75
 10.59  5.79 21.00  1.74 0.591E+00  0.00  0.04  0.96  0.00  0.04  0.75
 10.59  5.80 21.00  1.71 0.573E+00  0.00  0.04  0.96  0.00  0.05  0.74
 10.59  5.81 21.00  1.68 0.557E+00  0.00  0.05  0.95  0.00  0.05  0.74
 10.59  5.82 21.00  1.64 0.542E+00  0.00  0.05  0.95  0.00  0.05  0.74
 10.59  5.83 21.00  1.61 0.526E+00  0.00  0.05  0.95  0.00  0.05  0.73
 10.59  5.84 21.00  1.58 0.510E+00  0.00  0.05  0.95  0.00  0.05  0.73
 10.59  5.85 21.00  1.54 0.494E+00  0.00  0.05  0.95  0.00  0.05  0.72
 10.59  5.86 21.00  1.51 0.478E+00  0.00  0.06  0.94  0.00  0.06  0.72
 10.59  5.87 21.00  1.48 0.461E+00  0.00  0.06  0.94  0.00  0.06  0.72
 10.59  5.88 21.00  1.45 0.444E+00  0.00  0.06  0.94  0.00  0.06  0.71
 10.59  5.89 21.00  1.41 0.425E+00  0.00  0.07  0.93  0.00  0.06  0.71
 10.59  5.90 21.00  1.38 0.401E+00  0.00  0.07  0.93  0.00  0.07  0.71
 10.59  5.91 21.00  1.35 0.389E+00  0.00  0.07  0.93  0.00  0.07  0.71
 10.59  5.92 21.00  1.31 0.374E+00  0.00  0.08  0.92  0.00  0.07  0.70
 10.59  5.93 21.00  1.28 0.359E+00  0.00  0.08  0.92  0.00  0.08  0.70
 10.59  5.94 21.00  1.25 0.344E+00  0.00  0.08  0.92  0.00  0.08  0.70
 10.59  5.95 21.00  1.22 0.331E+00  0.00  0.09  0.91  0.00  0.08  0.69
 10.59  5.96 21.00  1.18 0.320E+00  0.00  0.09  0.91  0.00  0.09  0.69
 10.59  5.97 21.00  1.15 0.310E+00  0.00  0.10  0.90  0.00  0.09  0.69
 10.59  5.98 21.00  1.12 0.302E+00  0.00  0.10  0.90  0.00  0.09  0.68
 10.59  5.99 21.00  1.08 0.293E+00  0.00  0.10  0.90  0.00  0.09  0.68
 10.59  6.00 21.00  1.05 0.283E+00  0.00  0.11  0.89  0.00  0.10  0.67
 10.59  6.01 21.00  1.02 0.274E+00  0.00  0.11  0.89  0.00  0.10  0.66
 10.59  6.02 21.00  0.99 0.263E+00  0.00  0.12  0.88  0.00  0.10  0.66
 10.59  6.03 21.00  0.95 0.253E+00  0.00  0.12  0.88  0.00  0.11  0.65
 10.59  6.04 21.00  0.92 0.242E+00  0.00  0.13  0.87  0.00  0.11  0.65
 10.59  6.05 21.00  0.89 0.231E+00  0.00  0.13  0.87  0.00  0.12  0.64
 10.59  6.06 21.00  0.86 0.216E+00  0.00  0.14  0.86  0.00  0.12  0.64
 10.59  6.07 21.00  0.82 0.205E+00  0.00  0.15  0.85  0.00  0.13  0.64
 10.59  6.08 21.00  0.79 0.196E+00  0.00  0.15  0.85  0.00  0.13  0.63
 10.59  6.09 21.00  0.76 0.187E+00  0.00  0.16  0.84  0.00  0.14  0.63
 10.59  6.10 21.00  0.72 0.180E+00  0.00  0.17  0.83  0.00  0.14  0.62
 10.59  6.11 21.00  0.69 0.172E+00  0.00  0.17  0.83  0.00  0.15  0.62
 10.59  6.12 21.00  0.66 0.166E+00  0.00  0.18  0.82  0.00  0.15  0.61
 10.59  6.13 21.00  0.63 0.161E+00  0.00  0.18  0.82  0.00  0.16  0.61
 10.59  6.14 21.00  0.59 0.156E+00  0.00  0.19  0.81  0.00  0.16  0.60
 10.59  6.15 21.00  0.56 0.151E+00  0.00  0.19  0.81  0.00  0.16  0.59
 10.59  6.16 21.00  0.53 0.146E+00  0.00  0.20  0.80  0.00  0.17  0.59
 10.59  6.17 21.00  0.49 0.140E+00  0.00  0.21  0.79  0.00  0.17  0.58
 10.59  6.18 21.00  0.46 0.134E+00  0.00  0.21  0.79  0.00  0.17  0.57
 10.59  6.19 21.00  0.43 0.128E+00  0.00  0.22  0.78  0.00  0.18  0.56
 10.59  6.20 21.00  0.40 0.121E+00  0.00  0.23  0.77  0.00  0.19  0.55
 10.59  6.21 21.00  0.36 0.114E+00  0.00  0.24  0.76  0.00  0.20  0.54
 10.59  6.22 21.00  0.33 0.104E+00  0.00  0.26  0.74  0.00  0.21  0.54
 10.59  6.23 21.00  0.30 0.985E-01  0.00  0.27  0.73  0.00  0.22  0.54
 10.59  6.24 21.00  0.26 0.941E-01  0.00  0.28  0.72  0.00  0.22  0.53
 10.59  6.25 21.00  0.23 0.897E-01  0.00  0.28  0.72  0.00  0.23  0.52
 10.59  6.26 21.00  0.20 0.857E-01  0.00  0.29  0.71  0.00  0.23  0.52
 10.59  6.27 21.00  0.17 0.826E-01  0.00  0.30  0.70  0.00  0.24  0.52
 10.59  6.28 21.00  0.13 0.797E-01  0.00  0.30  0.70  0.00  0.24  0.51
 10.59  6.29 21.00  0.10 0.769E-01  0.00  0.30  0.70  0.00  0.24  0.50
 10.59  6.30 21.00  0.07 0.740E-01  0.00  0.31  0.69  0.00  0.24  0.50
 10.59  6.31 21.00  0.03 0.709E-01  0.00  0.31  0.69  0.00  0.24  0.49
 10.59  6.32 21.00  0.00 0.676E-01  0.00  0.32  0.68  0.00  0.25  0.48
 10.59  6.33 21.00 -0.03 0.640E-01  0.00  0.33  0.67  0.00  0.25  0.47
 10.59  6.34 21.00 -0.06 0.604E-01  0.00  0.33  0.67  0.00  0.26  0.47
 10.59  6.35 21.00 -0.10 0.566E-01  0.00  0.35  0.65  0.00  0.27  0.45
 10.59  6.36 21.00 -0.13 0.512E-01  0.00  0.37  0.63  0.00  0.29  0.45
 10.59  6.37 21.00 -0.16 0.483E-01  0.00  0.38  0.62  0.00  0.29  0.44
 10.59  6.38 21.00 -0.20 0.448E-01  0.00  0.40  0.60  0.00  0.31  0.43
 10.59  6.39 21.00 -0.23 0.422E-01  0.00  0.41  0.59  0.00  0.31  0.43
 10.59  6.40 21.00 -0.26 0.402E-01  0.00  0.41  0.59  0.00  0.32  0.42
 10.59  6.41 21.00 -0.29 0.384E-01  0.00  0.41  0.59  0.00  0.32  0.42
 10.59  6.42 21.00 -0.33 0.366E-01  0.00  0.42  0.58  0.00  0.32  0.41
 10.59  6.43 21.00 -0.36 0.350E-01  0.00  0.42  0.58  0.00  0.32  0.41
 10.59  6.44 21.00 -0.39 0.334E-01  0.00  0.42  0.58  0.00  0.32  0.41
 10.59  6.45 21.00 -0.43 0.319E-01  0.00  0.43  0.57  0.00  0.33  0.40
 10.59  6.46 21.00 -0.46 0.302E-01  0.00  0.43  0.57  0.00  0.33  0.39
 10.59  6.47 21.00 -0.49 0.285E-01  0.00  0.44  0.56  0.00  0.33  0.38
 10.59  6.48 21.00 -0.52 0.267E-01  0.00  0.45  0.55  0.00  0.34  0.38
 10.59  6.49 21.00 -0.56 0.246E-01  0.00  0.47  0.53  0.00  0.36  0.36
 10.59  6.50 21.00 -0.59 0.229E-01  0.00  0.48  0.52  0.00  0.37  0.35
 10.59  6.51 21.00 -0.62 0.213E-01  0.00  0.49  0.51  0.00  0.37  0.34
 10.59  6.52 21.00 -0.66 0.191E-01  0.00  0.53  0.47  0.00  0.40  0.32
 10.59  6.53 21.00 -0.69 0.178E-01  0.00  0.54  0.46  0.00  0.41  0.32
 10.59  6.54 21.00 -0.72 0.168E-01  0.00  0.55  0.45  0.00  0.41  0.32
 10.59  6.55 21.00 -0.75 0.159E-01  0.00  0.55  0.45  0.00  0.42  0.31
 10.59  6.56 21.00 -0.79 0.151E-01  0.00  0.56  0.44  0.00  0.42  0.31
 10.59  6.57 21.00 -0.82 0.143E-01  0.00  0.56  0.44  0.00  0.42  0.31
 10.59  6.58 21.00 -0.85 0.137E-01  0.00  0.56  0.44  0.00  0.42  0.31
 10.59  6.59 21.00 -0.88 0.130E-01  0.00  0.56  0.44  0.00  0.42  0.30
 10.59  6.60 21.00 -0.92 0.123E-01  0.00  0.57  0.43  0.00  0.43  0.29
 10.59  6.61 21.00 -0.95 0.115E-01  0.00  0.57  0.43  0.00  0.43  0.28
 10.59  6.62 21.00 -0.98 0.108E-01  0.00  0.59  0.41  0.00  0.44  0.27
 10.59  6.63 21.00 -1.02 0.999E-02  0.00  0.60  0.40  0.00  0.45  0.26
  0.000 0.000  0.000 .000  0.00  0.00  0.00  0.00  0.00  0.00 0.000
                           0.00  0.00  0.00  0.00  0.00  0.00 0.000E+00

