 ***Ebeam    Eprime  Theta     x        Q2      Sig_Born     Sig_Born_In  Sig_Born_QE  Sig_Rad      Sig_Rad_EL   Sig_Rad_QE   Sig_Rad_DIS  C_cor
   10.5890   2.1600  21.0000   0.1921   3.0383  0.41991E+02  0.41990E+02  0.10691E-02  0.53027E+02  0.63712E-01  0.23579E+01  0.50606E+02  0.10014E+01
   10.5890   2.1700  21.0000   0.1932   3.0524  0.41808E+02  0.41807E+02  0.10731E-02  0.52660E+02  0.60781E-01  0.23037E+01  0.50296E+02  0.10014E+01
   10.5890   2.1800  21.0000   0.1943   3.0665  0.41627E+02  0.41626E+02  0.10772E-02  0.52297E+02  0.57976E-01  0.22524E+01  0.49986E+02  0.10014E+01
   10.5890   2.1900  21.0000   0.1954   3.0805  0.41447E+02  0.41446E+02  0.10813E-02  0.51938E+02  0.55291E-01  0.22022E+01  0.49680E+02  0.10014E+01
   10.5890   2.2000  21.0000   0.1966   3.0946  0.41265E+02  0.41264E+02  0.10854E-02  0.51586E+02  0.52723E-01  0.21532E+01  0.49380E+02  0.10014E+01
   10.5890   2.2100  21.0000   0.1977   3.1087  0.41083E+02  0.41082E+02  0.10895E-02  0.51242E+02  0.50266E-01  0.21054E+01  0.49086E+02  0.10014E+01
   10.5890   2.2200  21.0000   0.1988   3.1227  0.40902E+02  0.40901E+02  0.10937E-02  0.50901E+02  0.47916E-01  0.20586E+01  0.48794E+02  0.10014E+01
   10.5890   2.2300  21.0000   0.2000   3.1368  0.40722E+02  0.40721E+02  0.10980E-02  0.50561E+02  0.45667E-01  0.20129E+01  0.48503E+02  0.10014E+01
   10.5890   2.2400  21.0000   0.2011   3.1509  0.40543E+02  0.40542E+02  0.11022E-02  0.50221E+02  0.43518E-01  0.19682E+01  0.48209E+02  0.10014E+01
   10.5890   2.2500  21.0000   0.2022   3.1649  0.40365E+02  0.40364E+02  0.11066E-02  0.49886E+02  0.41462E-01  0.19245E+01  0.47920E+02  0.10014E+01
   10.5890   2.2600  21.0000   0.2034   3.1790  0.40188E+02  0.40187E+02  0.11109E-02  0.49555E+02  0.39497E-01  0.18819E+01  0.47634E+02  0.10014E+01
   10.5890   2.2700  21.0000   0.2045   3.1931  0.40012E+02  0.40011E+02  0.11153E-02  0.49232E+02  0.37618E-01  0.18402E+01  0.47354E+02  0.10014E+01
   10.5890   2.2800  21.0000   0.2057   3.2071  0.39837E+02  0.39836E+02  0.11197E-02  0.48911E+02  0.35822E-01  0.17994E+01  0.47076E+02  0.10014E+01
   10.5890   2.2900  21.0000   0.2068   3.2212  0.39663E+02  0.39662E+02  0.11242E-02  0.48587E+02  0.34106E-01  0.17596E+01  0.46793E+02  0.10014E+01
   10.5890   2.3000  21.0000   0.2080   3.2353  0.39490E+02  0.39489E+02  0.11287E-02  0.48266E+02  0.32466E-01  0.17207E+01  0.46513E+02  0.10014E+01
   10.5890   2.3100  21.0000   0.2091   3.2493  0.39318E+02  0.39317E+02  0.11332E-02  0.47949E+02  0.30900E-01  0.16827E+01  0.46235E+02  0.10014E+01
   10.5890   2.3200  21.0000   0.2103   3.2634  0.39147E+02  0.39146E+02  0.11378E-02  0.47628E+02  0.29403E-01  0.16455E+01  0.45953E+02  0.10014E+01
   10.5890   2.3300  21.0000   0.2115   3.2775  0.38977E+02  0.38975E+02  0.11424E-02  0.47303E+02  0.27974E-01  0.16092E+01  0.45666E+02  0.10014E+01
   10.5890   2.3400  21.0000   0.2126   3.2915  0.38807E+02  0.38806E+02  0.11471E-02  0.46994E+02  0.26609E-01  0.15737E+01  0.45394E+02  0.10014E+01
   10.5890   2.3500  21.0000   0.2138   3.3056  0.38639E+02  0.38638E+02  0.11518E-02  0.46698E+02  0.25305E-01  0.15392E+01  0.45133E+02  0.10014E+01
   10.5890   2.3600  21.0000   0.2150   3.3197  0.38467E+02  0.38465E+02  0.11565E-02  0.46393E+02  0.24061E-01  0.15053E+01  0.44864E+02  0.10014E+01
   10.5890   2.3700  21.0000   0.2161   3.3337  0.38295E+02  0.38294E+02  0.11613E-02  0.46091E+02  0.22874E-01  0.14721E+01  0.44596E+02  0.10014E+01
   10.5890   2.3800  21.0000   0.2173   3.3478  0.38125E+02  0.38124E+02  0.11661E-02  0.45793E+02  0.21741E-01  0.14397E+01  0.44332E+02  0.10014E+01
   10.5890   2.3900  21.0000   0.2185   3.3619  0.37955E+02  0.37954E+02  0.11710E-02  0.45493E+02  0.20659E-01  0.14081E+01  0.44064E+02  0.10014E+01
   10.5890   2.4000  21.0000   0.2197   3.3759  0.37786E+02  0.37785E+02  0.11759E-02  0.45197E+02  0.19627E-01  0.13771E+01  0.43801E+02  0.10014E+01
   10.5890   2.4100  21.0000   0.2209   3.3900  0.37618E+02  0.37617E+02  0.11809E-02  0.44906E+02  0.18643E-01  0.13469E+01  0.43541E+02  0.10014E+01
   10.5890   2.4200  21.0000   0.2221   3.4041  0.37451E+02  0.37450E+02  0.11859E-02  0.44619E+02  0.17705E-01  0.13173E+01  0.43284E+02  0.10014E+01
   10.5890   2.4300  21.0000   0.2232   3.4181  0.37285E+02  0.37283E+02  0.11909E-02  0.44333E+02  0.16810E-01  0.12884E+01  0.43028E+02  0.10014E+01
   10.5890   2.4400  21.0000   0.2244   3.4322  0.37119E+02  0.37118E+02  0.11960E-02  0.44050E+02  0.15957E-01  0.12601E+01  0.42774E+02  0.10014E+01
   10.5890   2.4500  21.0000   0.2256   3.4463  0.36954E+02  0.36953E+02  0.12012E-02  0.43770E+02  0.15144E-01  0.12325E+01  0.42522E+02  0.10014E+01
   10.5890   2.4600  21.0000   0.2268   3.4603  0.36790E+02  0.36789E+02  0.12063E-02  0.43488E+02  0.14370E-01  0.12055E+01  0.42268E+02  0.10014E+01
   10.5890   2.4700  21.0000   0.2280   3.4744  0.36627E+02  0.36626E+02  0.12116E-02  0.43205E+02  0.13631E-01  0.11791E+01  0.42012E+02  0.10014E+01
   10.5890   2.4800  21.0000   0.2292   3.4885  0.36465E+02  0.36464E+02  0.12169E-02  0.42925E+02  0.12928E-01  0.11534E+01  0.41759E+02  0.10014E+01
   10.5890   2.4900  21.0000   0.2305   3.5025  0.36303E+02  0.36302E+02  0.12222E-02  0.42650E+02  0.12259E-01  0.11281E+01  0.41510E+02  0.10014E+01
   10.5890   2.5000  21.0000   0.2317   3.5166  0.36142E+02  0.36141E+02  0.12276E-02  0.42380E+02  0.11621E-01  0.11035E+01  0.41265E+02  0.10014E+01
   10.5890   2.5100  21.0000   0.2329   3.5307  0.35982E+02  0.35981E+02  0.12330E-02  0.42111E+02  0.11015E-01  0.10794E+01  0.41021E+02  0.10014E+01
   10.5890   2.5200  21.0000   0.2341   3.5447  0.35822E+02  0.35821E+02  0.12384E-02  0.41843E+02  0.10437E-01  0.10559E+01  0.40777E+02  0.10014E+01
   10.5890   2.5300  21.0000   0.2353   3.5588  0.35658E+02  0.35657E+02  0.12439E-02  0.41572E+02  0.98870E-02  0.10328E+01  0.40530E+02  0.10014E+01
   10.5890   2.5400  21.0000   0.2365   3.5728  0.35495E+02  0.35493E+02  0.12495E-02  0.41305E+02  0.93640E-02  0.10103E+01  0.40286E+02  0.10014E+01
   10.5890   2.5500  21.0000   0.2378   3.5869  0.35332E+02  0.35331E+02  0.12551E-02  0.41040E+02  0.88667E-02  0.98823E+00  0.40043E+02  0.10014E+01
   10.5890   2.5600  21.0000   0.2390   3.6010  0.35170E+02  0.35169E+02  0.12608E-02  0.40779E+02  0.83937E-02  0.96672E+00  0.39804E+02  0.10014E+01
   10.5890   2.5700  21.0000   0.2402   3.6150  0.35009E+02  0.35008E+02  0.12665E-02  0.40515E+02  0.29536E-02  0.94567E+00  0.39566E+02  0.10014E+01
   10.5890   2.5800  21.0000   0.2415   3.6291  0.34848E+02  0.34847E+02  0.12723E-02  0.40260E+02  0.75168E-02  0.92511E+00  0.39328E+02  0.10014E+01
   10.5890   2.5900  21.0000   0.2427   3.6432  0.34689E+02  0.34687E+02  0.12781E-02  0.40004E+02  0.71107E-02  0.90500E+00  0.39092E+02  0.10014E+01
   10.5890   2.6000  21.0000   0.2439   3.6572  0.34529E+02  0.34528E+02  0.12840E-02  0.39750E+02  0.67250E-02  0.88534E+00  0.38858E+02  0.10014E+01
   10.5890   2.6100  21.0000   0.2452   3.6713  0.34371E+02  0.34370E+02  0.12899E-02  0.39498E+02  0.63586E-02  0.86612E+00  0.38626E+02  0.10014E+01
   10.5890   2.6200  21.0000   0.2464   3.6854  0.34213E+02  0.34212E+02  0.12959E-02  0.39245E+02  0.60108E-02  0.84734E+00  0.38392E+02  0.10014E+01
   10.5890   2.6300  21.0000   0.2477   3.6994  0.34056E+02  0.34055E+02  0.13020E-02  0.38993E+02  0.56805E-02  0.82897E+00  0.38158E+02  0.10014E+01
   10.5890   2.6400  21.0000   0.2489   3.7135  0.33899E+02  0.33898E+02  0.13081E-02  0.38745E+02  0.53671E-02  0.81100E+00  0.37929E+02  0.10014E+01
   10.5890   2.6500  21.0000   0.2502   3.7276  0.33744E+02  0.33742E+02  0.13142E-02  0.38500E+02  0.50698E-02  0.79344E+00  0.37701E+02  0.10014E+01
   10.5890   2.6600  21.0000   0.2515   3.7416  0.33588E+02  0.33587E+02  0.13204E-02  0.38257E+02  0.47878E-02  0.77629E+00  0.37476E+02  0.10014E+01
   10.5890   2.6700  21.0000   0.2527   3.7557  0.33434E+02  0.33432E+02  0.13267E-02  0.38016E+02  0.45204E-02  0.75950E+00  0.37252E+02  0.10014E+01
   10.5890   2.6800  21.0000   0.2540   3.7698  0.33280E+02  0.33278E+02  0.13330E-02  0.37776E+02  0.42669E-02  0.74308E+00  0.37029E+02  0.10014E+01
   10.5890   2.6900  21.0000   0.2553   3.7838  0.33126E+02  0.33125E+02  0.13394E-02  0.37537E+02  0.40267E-02  0.72704E+00  0.36806E+02  0.10014E+01
   10.5890   2.7000  21.0000   0.2565   3.7979  0.32973E+02  0.32971E+02  0.13458E-02  0.37296E+02  0.37991E-02  0.71134E+00  0.36581E+02  0.10015E+01
   10.5890   2.7100  21.0000   0.2578   3.8120  0.32815E+02  0.32813E+02  0.13523E-02  0.37055E+02  0.35835E-02  0.69600E+00  0.36356E+02  0.10015E+01
   10.5890   2.7200  21.0000   0.2591   3.8260  0.32657E+02  0.32656E+02  0.13588E-02  0.36817E+02  0.33793E-02  0.68071E+00  0.36133E+02  0.10015E+01
   10.5890   2.7300  21.0000   0.2604   3.8401  0.32500E+02  0.32499E+02  0.13654E-02  0.36582E+02  0.31861E-02  0.66607E+00  0.35913E+02  0.10015E+01
   10.5890   2.7400  21.0000   0.2617   3.8542  0.32344E+02  0.32343E+02  0.13721E-02  0.36346E+02  0.30033E-02  0.65175E+00  0.35692E+02  0.10015E+01
   10.5890   2.7500  21.0000   0.2630   3.8682  0.32189E+02  0.32187E+02  0.13789E-02  0.36113E+02  0.28303E-02  0.63776E+00  0.35472E+02  0.10015E+01
   10.5890   2.7600  21.0000   0.2643   3.8823  0.32033E+02  0.32032E+02  0.13857E-02  0.35881E+02  0.26668E-02  0.62407E+00  0.35255E+02  0.10015E+01
   10.5890   2.7700  21.0000   0.2656   3.8964  0.31879E+02  0.31877E+02  0.13926E-02  0.35651E+02  0.25122E-02  0.61069E+00  0.35038E+02  0.10015E+01
   10.5890   2.7800  21.0000   0.2669   3.9104  0.31725E+02  0.31723E+02  0.13995E-02  0.35421E+02  0.23661E-02  0.59760E+00  0.34821E+02  0.10015E+01
   10.5890   2.7900  21.0000   0.2682   3.9245  0.31571E+02  0.31570E+02  0.14065E-02  0.35193E+02  0.22280E-02  0.58481E+00  0.34606E+02  0.10015E+01
   10.5890   2.8000  21.0000   0.2695   3.9386  0.31419E+02  0.31417E+02  0.14135E-02  0.34966E+02  0.20976E-02  0.57261E+00  0.34391E+02  0.10015E+01
   10.5890   2.8100  21.0000   0.2708   3.9526  0.31266E+02  0.31265E+02  0.14207E-02  0.34742E+02  0.19745E-02  0.56100E+00  0.34179E+02  0.10015E+01
   10.5890   2.8200  21.0000   0.2721   3.9667  0.31114E+02  0.31113E+02  0.14279E-02  0.34520E+02  0.18584E-02  0.54837E+00  0.33969E+02  0.10015E+01
   10.5890   2.8300  21.0000   0.2734   3.9808  0.30963E+02  0.30962E+02  0.14351E-02  0.34298E+02  0.17488E-02  0.53609E+00  0.33760E+02  0.10015E+01
   10.5890   2.8400  21.0000   0.2747   3.9948  0.30812E+02  0.30811E+02  0.14425E-02  0.34078E+02  0.16454E-02  0.52440E+00  0.33552E+02  0.10015E+01
   10.5890   2.8500  21.0000   0.2760   4.0089  0.30662E+02  0.30661E+02  0.14499E-02  0.33858E+02  0.15480E-02  0.51312E+00  0.33343E+02  0.10015E+01
   10.5890   2.8600  21.0000   0.2774   4.0230  0.30512E+02  0.30511E+02  0.14573E-02  0.33640E+02  0.14561E-02  0.50218E+00  0.33137E+02  0.10015E+01
   10.5890   2.8700  21.0000   0.2787   4.0370  0.30363E+02  0.30362E+02  0.14649E-02  0.33425E+02  0.13696E-02  0.49148E+00  0.32932E+02  0.10015E+01
   10.5890   2.8800  21.0000   0.2800   4.0511  0.30214E+02  0.30213E+02  0.14725E-02  0.33210E+02  0.12881E-02  0.48102E+00  0.32728E+02  0.10015E+01
   10.5890   2.8900  21.0000   0.2814   4.0652  0.30066E+02  0.30065E+02  0.14802E-02  0.32993E+02  0.12115E-02  0.47078E+00  0.32521E+02  0.10015E+01
   10.5890   2.9000  21.0000   0.2827   4.0792  0.29914E+02  0.29912E+02  0.14878E-02  0.32776E+02  0.11393E-02  0.46078E+00  0.32314E+02  0.10016E+01
   10.5890   2.9100  21.0000   0.2841   4.0933  0.29761E+02  0.29759E+02  0.14957E-02  0.32560E+02  0.10714E-02  0.45100E+00  0.32108E+02  0.10016E+01
   10.5890   2.9200  21.0000   0.2854   4.1074  0.29608E+02  0.29606E+02  0.15036E-02  0.32342E+02  0.10076E-02  0.44143E+00  0.31900E+02  0.10016E+01
   10.5890   2.9300  21.0000   0.2868   4.1214  0.29455E+02  0.29454E+02  0.15116E-02  0.32129E+02  0.94760E-03  0.43208E+00  0.31696E+02  0.10016E+01
   10.5890   2.9400  21.0000   0.2881   4.1355  0.29304E+02  0.29302E+02  0.15196E-02  0.31919E+02  0.89124E-03  0.42293E+00  0.31495E+02  0.10016E+01
   10.5890   2.9500  21.0000   0.2895   4.1496  0.29152E+02  0.29151E+02  0.15277E-02  0.31708E+02  0.83832E-03  0.41399E+00  0.31293E+02  0.10016E+01
   10.5890   2.9600  21.0000   0.2908   4.1636  0.29002E+02  0.29000E+02  0.15360E-02  0.31499E+02  0.78864E-03  0.40524E+00  0.31093E+02  0.10016E+01
   10.5890   2.9700  21.0000   0.2922   4.1777  0.28851E+02  0.28850E+02  0.15442E-02  0.31291E+02  0.74202E-03  0.39668E+00  0.30893E+02  0.10016E+01
   10.5890   2.9800  21.0000   0.2936   4.1918  0.28701E+02  0.28700E+02  0.15526E-02  0.31083E+02  0.69830E-03  0.38832E+00  0.30694E+02  0.10016E+01
   10.5890   2.9900  21.0000   0.2949   4.2058  0.28552E+02  0.28550E+02  0.15611E-02  0.30876E+02  0.65730E-03  0.38014E+00  0.30495E+02  0.10016E+01
   10.5890   3.0000  21.0000   0.2963   4.2199  0.28403E+02  0.28401E+02  0.15696E-02  0.30672E+02  0.61888E-03  0.37214E+00  0.30299E+02  0.10016E+01
   10.5890   3.0100  21.0000   0.2977   4.2340  0.28255E+02  0.28253E+02  0.15782E-02  0.30468E+02  0.58289E-03  0.36432E+00  0.30103E+02  0.10016E+01
   10.5890   3.0200  21.0000   0.2991   4.2480  0.28106E+02  0.28105E+02  0.15869E-02  0.30267E+02  0.54918E-03  0.35667E+00  0.29910E+02  0.10016E+01
   10.5890   3.0300  21.0000   0.3005   4.2621  0.27959E+02  0.27957E+02  0.15957E-02  0.30066E+02  0.51764E-03  0.34918E+00  0.29717E+02  0.10016E+01
   10.5890   3.0400  21.0000   0.3019   4.2762  0.27812E+02  0.27810E+02  0.16045E-02  0.29866E+02  0.48812E-03  0.34187E+00  0.29523E+02  0.10016E+01
   10.5890   3.0500  21.0000   0.3033   4.2902  0.27665E+02  0.27663E+02  0.16135E-02  0.29663E+02  0.46051E-03  0.33471E+00  0.29328E+02  0.10016E+01
   10.5890   3.0600  21.0000   0.3047   4.3043  0.27519E+02  0.27517E+02  0.16225E-02  0.29463E+02  0.43470E-03  0.32772E+00  0.29135E+02  0.10016E+01
   10.5890   3.0700  21.0000   0.3061   4.3184  0.27373E+02  0.27371E+02  0.16317E-02  0.29265E+02  0.41058E-03  0.32087E+00  0.28943E+02  0.10016E+01
   10.5890   3.0800  21.0000   0.3075   4.3324  0.27227E+02  0.27226E+02  0.16409E-02  0.29066E+02  0.38805E-03  0.31418E+00  0.28752E+02  0.10016E+01
   10.5890   3.0900  21.0000   0.3089   4.3465  0.27082E+02  0.27081E+02  0.16502E-02  0.28868E+02  0.36701E-03  0.30764E+00  0.28560E+02  0.10016E+01
   10.5890   3.1000  21.0000   0.3103   4.3606  0.26937E+02  0.26936E+02  0.16596E-02  0.28676E+02  0.34736E-03  0.30124E+00  0.28374E+02  0.10017E+01
   10.5890   3.1100  21.0000   0.3117   4.3746  0.26787E+02  0.26786E+02  0.16689E-02  0.28480E+02  0.32904E-03  0.29498E+00  0.28185E+02  0.10017E+01
   10.5890   3.1200  21.0000   0.3131   4.3887  0.26638E+02  0.26636E+02  0.16785E-02  0.28283E+02  0.31193E-03  0.28886E+00  0.27994E+02  0.10017E+01
   10.5890   3.1300  21.0000   0.3145   4.4028  0.26488E+02  0.26487E+02  0.16882E-02  0.28087E+02  0.29599E-03  0.28287E+00  0.27804E+02  0.10017E+01
   10.5890   3.1400  21.0000   0.3160   4.4168  0.26340E+02  0.26338E+02  0.16980E-02  0.27893E+02  0.28112E-03  0.27674E+00  0.27616E+02  0.10017E+01
   10.5890   3.1500  21.0000   0.3174   4.4309  0.26191E+02  0.26190E+02  0.17078E-02  0.27700E+02  0.26722E-03  0.27097E+00  0.27429E+02  0.10017E+01
   10.5890   3.1600  21.0000   0.3188   4.4450  0.26043E+02  0.26042E+02  0.17178E-02  0.27509E+02  0.25435E-03  0.26547E+00  0.27243E+02  0.10018E+01
   10.5890   3.1700  21.0000   0.3203   4.4590  0.25896E+02  0.25894E+02  0.17279E-02  0.27317E+02  0.24232E-03  0.26000E+00  0.27057E+02  0.10018E+01
   10.5890   3.1800  21.0000   0.3217   4.4731  0.25749E+02  0.25747E+02  0.17380E-02  0.27127E+02  0.23112E-03  0.25464E+00  0.26872E+02  0.10018E+01
   10.5890   3.1900  21.0000   0.3232   4.4872  0.25602E+02  0.25601E+02  0.17483E-02  0.26937E+02  0.22068E-03  0.24942E+00  0.26687E+02  0.10018E+01
   10.5890   3.2000  21.0000   0.3246   4.5012  0.25456E+02  0.25454E+02  0.17587E-02  0.26747E+02  0.21096E-03  0.24431E+00  0.26502E+02  0.10018E+01
   10.5890   3.2100  21.0000   0.3261   4.5153  0.25310E+02  0.25309E+02  0.17692E-02  0.26559E+02  0.20191E-03  0.23931E+00  0.26320E+02  0.10018E+01
   10.5890   3.2200  21.0000   0.3275   4.5294  0.25165E+02  0.25163E+02  0.17797E-02  0.26371E+02  0.19348E-03  0.23442E+00  0.26137E+02  0.10018E+01
   10.5890   3.2300  21.0000   0.3290   4.5434  0.25020E+02  0.25018E+02  0.17904E-02  0.26183E+02  0.18563E-03  0.22964E+00  0.25953E+02  0.10018E+01
   10.5890   3.2400  21.0000   0.3305   4.5575  0.24875E+02  0.24873E+02  0.18012E-02  0.25998E+02  0.17831E-03  0.22496E+00  0.25773E+02  0.10018E+01
   10.5890   3.2500  21.0000   0.3319   4.5716  0.24731E+02  0.24729E+02  0.18121E-02  0.25815E+02  0.17149E-03  0.22035E+00  0.25594E+02  0.10018E+01
   10.5890   3.2600  21.0000   0.3334   4.5856  0.24587E+02  0.24585E+02  0.18232E-02  0.25632E+02  0.16514E-03  0.21587E+00  0.25416E+02  0.10018E+01
   10.5890   3.2700  21.0000   0.3349   4.5997  0.24444E+02  0.24442E+02  0.18343E-02  0.25450E+02  0.15921E-03  0.21148E+00  0.25239E+02  0.10018E+01
   10.5890   3.2800  21.0000   0.3364   4.6138  0.24300E+02  0.24299E+02  0.18455E-02  0.25269E+02  0.15368E-03  0.20720E+00  0.25061E+02  0.10018E+01
   10.5890   3.2900  21.0000   0.3379   4.6278  0.24158E+02  0.24156E+02  0.18569E-02  0.25088E+02  0.14852E-03  0.20301E+00  0.24885E+02  0.10018E+01
   10.5890   3.3000  21.0000   0.3394   4.6419  0.24015E+02  0.24013E+02  0.18684E-02  0.24908E+02  0.14370E-03  0.19891E+00  0.24709E+02  0.10018E+01
   10.5890   3.3100  21.0000   0.3409   4.6560  0.23873E+02  0.23871E+02  0.18800E-02  0.24728E+02  0.13919E-03  0.19491E+00  0.24533E+02  0.10018E+01
   10.5890   3.3200  21.0000   0.3424   4.6700  0.23732E+02  0.23730E+02  0.18917E-02  0.24550E+02  0.13498E-03  0.19099E+00  0.24359E+02  0.10018E+01
   10.5890   3.3300  21.0000   0.3439   4.6841  0.23586E+02  0.23584E+02  0.19033E-02  0.24369E+02  0.13102E-03  0.18715E+00  0.24182E+02  0.10019E+01
   10.5890   3.3400  21.0000   0.3454   4.6982  0.23440E+02  0.23438E+02  0.19153E-02  0.24188E+02  0.12732E-03  0.18340E+00  0.24004E+02  0.10019E+01
   10.5890   3.3500  21.0000   0.3469   4.7122  0.23294E+02  0.23292E+02  0.19274E-02  0.24007E+02  0.12383E-03  0.17974E+00  0.23827E+02  0.10019E+01
   10.5890   3.3600  21.0000   0.3484   4.7263  0.23149E+02  0.23147E+02  0.19396E-02  0.23829E+02  0.12056E-03  0.17615E+00  0.23653E+02  0.10019E+01
   10.5890   3.3700  21.0000   0.3499   4.7404  0.23004E+02  0.23002E+02  0.19519E-02  0.23652E+02  0.11747E-03  0.17264E+00  0.23479E+02  0.10019E+01
   10.5890   3.3800  21.0000   0.3514   4.7544  0.22859E+02  0.22857E+02  0.19644E-02  0.23475E+02  0.11455E-03  0.16921E+00  0.23306E+02  0.10019E+01
   10.5890   3.3900  21.0000   0.3530   4.7685  0.22715E+02  0.22713E+02  0.19770E-02  0.23299E+02  0.11180E-03  0.16585E+00  0.23133E+02  0.10019E+01
   10.5890   3.4000  21.0000   0.3545   4.7826  0.22571E+02  0.22569E+02  0.19897E-02  0.23124E+02  0.10919E-03  0.16257E+00  0.22961E+02  0.10019E+01
   10.5890   3.4100  21.0000   0.3560   4.7966  0.22428E+02  0.22426E+02  0.20025E-02  0.22949E+02  0.10671E-03  0.15936E+00  0.22790E+02  0.10019E+01
   10.5890   3.4200  21.0000   0.3576   4.8107  0.22285E+02  0.22283E+02  0.20155E-02  0.22776E+02  0.10435E-03  0.15622E+00  0.22619E+02  0.10019E+01
   10.5890   3.4300  21.0000   0.3591   4.8248  0.22143E+02  0.22141E+02  0.20287E-02  0.22603E+02  0.10210E-03  0.15314E+00  0.22450E+02  0.10019E+01
   10.5890   3.4400  21.0000   0.3607   4.8388  0.22000E+02  0.21998E+02  0.20419E-02  0.22431E+02  0.99950E-04  0.14997E+00  0.22281E+02  0.10020E+01
   10.5890   3.4500  21.0000   0.3622   4.8529  0.21859E+02  0.21856E+02  0.20554E-02  0.22260E+02  0.97889E-04  0.14705E+00  0.22113E+02  0.10020E+01
   10.5890   3.4600  21.0000   0.3638   4.8670  0.21717E+02  0.21715E+02  0.20689E-02  0.22089E+02  0.95909E-04  0.14418E+00  0.21944E+02  0.10020E+01
   10.5890   3.4700  21.0000   0.3654   4.8810  0.21576E+02  0.21574E+02  0.20826E-02  0.21918E+02  0.94003E-04  0.14124E+00  0.21777E+02  0.10020E+01
   10.5890   3.4800  21.0000   0.3669   4.8951  0.21435E+02  0.21433E+02  0.20965E-02  0.21750E+02  0.92163E-04  0.13847E+00  0.21611E+02  0.10020E+01
   10.5890   3.4900  21.0000   0.3685   4.9092  0.21295E+02  0.21293E+02  0.21105E-02  0.21582E+02  0.90384E-04  0.13579E+00  0.21446E+02  0.10020E+01
   10.5890   3.5000  21.0000   0.3701   4.9232  0.21155E+02  0.21153E+02  0.21246E-02  0.21413E+02  0.88657E-04  0.13317E+00  0.21280E+02  0.10020E+01
   10.5890   3.5100  21.0000   0.3717   4.9373  0.21015E+02  0.21013E+02  0.21389E-02  0.21246E+02  0.86980E-04  0.13060E+00  0.21115E+02  0.10020E+01
   10.5890   3.5200  21.0000   0.3733   4.9514  0.20876E+02  0.20874E+02  0.21534E-02  0.21080E+02  0.85345E-04  0.12810E+00  0.20952E+02  0.10020E+01
   10.5890   3.5300  21.0000   0.3748   4.9654  0.20737E+02  0.20735E+02  0.21680E-02  0.20915E+02  0.83750E-04  0.12570E+00  0.20790E+02  0.10020E+01
   10.5890   3.5400  21.0000   0.3764   4.9795  0.20599E+02  0.20597E+02  0.21828E-02  0.20751E+02  0.82189E-04  0.12329E+00  0.20628E+02  0.10020E+01
   10.5890   3.5500  21.0000   0.3780   4.9935  0.20461E+02  0.20458E+02  0.21977E-02  0.20587E+02  0.80662E-04  0.12093E+00  0.20466E+02  0.10020E+01
   10.5890   3.5600  21.0000   0.3796   5.0076  0.20322E+02  0.20320E+02  0.22128E-02  0.20423E+02  0.79161E-04  0.11862E+00  0.20305E+02  0.10020E+01
   10.5890   3.5700  21.0000   0.3813   5.0217  0.20180E+02  0.20178E+02  0.22279E-02  0.20258E+02  0.77686E-04  0.11636E+00  0.20142E+02  0.10021E+01
   10.5890   3.5800  21.0000   0.3829   5.0357  0.20039E+02  0.20037E+02  0.22433E-02  0.20093E+02  0.76235E-04  0.11415E+00  0.19979E+02  0.10021E+01
   10.5890   3.5900  21.0000   0.3845   5.0498  0.19898E+02  0.19896E+02  0.22589E-02  0.19929E+02  0.74803E-04  0.11198E+00  0.19817E+02  0.10021E+01
   10.5890   3.6000  21.0000   0.3861   5.0639  0.19757E+02  0.19755E+02  0.22747E-02  0.19766E+02  0.73389E-04  0.10987E+00  0.19657E+02  0.10021E+01
   10.5890   3.6100  21.0000   0.3877   5.0779  0.19617E+02  0.19615E+02  0.22907E-02  0.19604E+02  0.71992E-04  0.10780E+00  0.19496E+02  0.10021E+01
   10.5890   3.6200  21.0000   0.3894   5.0920  0.19477E+02  0.19475E+02  0.23068E-02  0.19442E+02  0.70609E-04  0.10578E+00  0.19336E+02  0.10021E+01
   10.5890   3.6300  21.0000   0.3910   5.1061  0.19338E+02  0.19336E+02  0.23231E-02  0.19281E+02  0.69242E-04  0.10392E+00  0.19177E+02  0.10021E+01
   10.5890   3.6400  21.0000   0.3926   5.1201  0.19199E+02  0.19197E+02  0.23396E-02  0.19121E+02  0.67887E-04  0.10197E+00  0.19019E+02  0.10022E+01
   10.5890   3.6500  21.0000   0.3943   5.1342  0.19060E+02  0.19058E+02  0.23563E-02  0.18962E+02  0.66544E-04  0.10006E+00  0.18862E+02  0.10022E+01
   10.5890   3.6600  21.0000   0.3959   5.1483  0.18922E+02  0.18920E+02  0.23732E-02  0.18804E+02  0.65212E-04  0.98197E-01  0.18706E+02  0.10022E+01
   10.5890   3.6700  21.0000   0.3976   5.1623  0.18784E+02  0.18782E+02  0.23902E-02  0.18645E+02  0.63891E-04  0.96294E-01  0.18549E+02  0.10022E+01
   10.5890   3.6800  21.0000   0.3993   5.1764  0.18647E+02  0.18644E+02  0.24075E-02  0.18488E+02  0.62579E-04  0.94519E-01  0.18393E+02  0.10022E+01
   10.5890   3.6900  21.0000   0.4009   5.1905  0.18510E+02  0.18507E+02  0.24250E-02  0.18332E+02  0.61278E-04  0.92783E-01  0.18239E+02  0.10022E+01
   10.5890   3.7000  21.0000   0.4026   5.2045  0.18373E+02  0.18371E+02  0.24426E-02  0.18176E+02  0.59987E-04  0.91083E-01  0.18085E+02  0.10022E+01
   10.5890   3.7100  21.0000   0.4043   5.2186  0.18237E+02  0.18234E+02  0.24605E-02  0.18021E+02  0.58706E-04  0.89421E-01  0.17931E+02  0.10022E+01
   10.5890   3.7200  21.0000   0.4059   5.2327  0.18101E+02  0.18098E+02  0.24785E-02  0.17866E+02  0.57433E-04  0.87794E-01  0.17779E+02  0.10022E+01
   10.5890   3.7300  21.0000   0.4076   5.2467  0.17965E+02  0.17963E+02  0.24968E-02  0.17713E+02  0.56170E-04  0.86202E-01  0.17626E+02  0.10022E+01
   10.5890   3.7400  21.0000   0.4093   5.2608  0.17830E+02  0.17828E+02  0.25153E-02  0.17558E+02  0.54917E-04  0.84640E-01  0.17474E+02  0.10022E+01
   10.5890   3.7500  21.0000   0.4110   5.2749  0.17695E+02  0.17693E+02  0.25340E-02  0.17405E+02  0.53674E-04  0.83117E-01  0.17322E+02  0.10022E+01
   10.5890   3.7600  21.0000   0.4127   5.2889  0.17561E+02  0.17558E+02  0.25529E-02  0.17254E+02  0.52440E-04  0.81625E-01  0.17172E+02  0.10022E+01
   10.5890   3.7700  21.0000   0.4144   5.3030  0.17427E+02  0.17424E+02  0.25721E-02  0.17103E+02  0.51217E-04  0.80167E-01  0.17023E+02  0.10023E+01
   10.5890   3.7800  21.0000   0.4161   5.3171  0.17293E+02  0.17291E+02  0.25914E-02  0.16953E+02  0.50004E-04  0.78739E-01  0.16874E+02  0.10023E+01
   10.5890   3.7900  21.0000   0.4178   5.3311  0.17160E+02  0.17157E+02  0.26110E-02  0.16804E+02  0.48802E-04  0.77342E-01  0.16726E+02  0.10023E+01
   10.5890   3.8000  21.0000   0.4196   5.3452  0.17027E+02  0.17025E+02  0.26308E-02  0.16654E+02  0.47613E-04  0.75974E-01  0.16578E+02  0.10023E+01
   10.5890   3.8100  21.0000   0.4213   5.3593  0.16895E+02  0.16892E+02  0.26509E-02  0.16506E+02  0.46433E-04  0.74636E-01  0.16432E+02  0.10023E+01
   10.5890   3.8200  21.0000   0.4230   5.3733  0.16760E+02  0.16758E+02  0.26710E-02  0.16358E+02  0.45266E-04  0.73327E-01  0.16285E+02  0.10024E+01
   10.5890   3.8300  21.0000   0.4248   5.3874  0.16625E+02  0.16623E+02  0.26915E-02  0.16210E+02  0.44111E-04  0.71983E-01  0.16137E+02  0.10024E+01
   10.5890   3.8400  21.0000   0.4265   5.4015  0.16491E+02  0.16488E+02  0.27123E-02  0.16061E+02  0.42969E-04  0.70728E-01  0.15990E+02  0.10024E+01
   10.5890   3.8500  21.0000   0.4282   5.4155  0.16357E+02  0.16354E+02  0.27333E-02  0.15913E+02  0.41840E-04  0.69490E-01  0.15843E+02  0.10024E+01
   10.5890   3.8600  21.0000   0.4300   5.4296  0.16223E+02  0.16220E+02  0.27546E-02  0.15766E+02  0.40725E-04  0.68287E-01  0.15698E+02  0.10024E+01
   10.5890   3.8700  21.0000   0.4317   5.4437  0.16090E+02  0.16087E+02  0.27761E-02  0.15620E+02  0.39623E-04  0.67111E-01  0.15553E+02  0.10024E+01
   10.5890   3.8800  21.0000   0.4335   5.4577  0.15957E+02  0.15954E+02  0.27979E-02  0.15474E+02  0.38534E-04  0.65960E-01  0.15408E+02  0.10024E+01
   10.5890   3.8900  21.0000   0.4353   5.4718  0.15825E+02  0.15822E+02  0.28200E-02  0.15328E+02  0.37462E-04  0.64834E-01  0.15263E+02  0.10024E+01
   10.5890   3.9000  21.0000   0.4370   5.4859  0.15693E+02  0.15690E+02  0.28423E-02  0.15184E+02  0.36406E-04  0.63732E-01  0.15120E+02  0.10024E+01
   10.5890   3.9100  21.0000   0.4388   5.4999  0.15561E+02  0.15558E+02  0.28649E-02  0.15041E+02  0.35364E-04  0.62653E-01  0.14978E+02  0.10025E+01
   10.5890   3.9200  21.0000   0.4406   5.5140  0.15430E+02  0.15427E+02  0.28878E-02  0.14898E+02  0.34338E-04  0.61598E-01  0.14836E+02  0.10025E+01
   10.5890   3.9300  21.0000   0.4424   5.5281  0.15299E+02  0.15297E+02  0.29110E-02  0.14755E+02  0.33327E-04  0.60565E-01  0.14695E+02  0.10025E+01
   10.5890   3.9400  21.0000   0.4442   5.5421  0.15169E+02  0.15166E+02  0.29344E-02  0.14614E+02  0.32333E-04  0.59554E-01  0.14554E+02  0.10025E+01
   10.5890   3.9500  21.0000   0.4460   5.5562  0.15039E+02  0.15036E+02  0.29582E-02  0.14473E+02  0.31356E-04  0.58564E-01  0.14414E+02  0.10025E+01
   10.5890   3.9600  21.0000   0.4478   5.5703  0.14910E+02  0.14907E+02  0.29822E-02  0.14333E+02  0.30395E-04  0.57595E-01  0.14275E+02  0.10025E+01
   10.5890   3.9700  21.0000   0.4496   5.5843  0.14781E+02  0.14778E+02  0.30065E-02  0.14194E+02  0.29451E-04  0.56647E-01  0.14138E+02  0.10025E+01
   10.5890   3.9800  21.0000   0.4514   5.5984  0.14652E+02  0.14649E+02  0.30312E-02  0.14056E+02  0.28525E-04  0.55720E-01  0.14000E+02  0.10025E+01
   10.5890   3.9900  21.0000   0.4532   5.6125  0.14524E+02  0.14521E+02  0.30561E-02  0.13919E+02  0.27616E-04  0.54811E-01  0.13864E+02  0.10025E+01
   10.5890   4.0000  21.0000   0.4550   5.6265  0.14397E+02  0.14394E+02  0.30814E-02  0.13782E+02  0.26725E-04  0.53923E-01  0.13728E+02  0.10025E+01
   10.5890   4.0100  21.0000   0.4569   5.6406  0.14269E+02  0.14266E+02  0.31069E-02  0.13645E+02  0.25851E-04  0.53054E-01  0.13592E+02  0.10026E+01
   10.5890   4.0200  21.0000   0.4587   5.6547  0.14143E+02  0.14139E+02  0.31329E-02  0.13509E+02  0.24995E-04  0.52200E-01  0.13457E+02  0.10026E+01
   10.5890   4.0300  21.0000   0.4606   5.6687  0.14016E+02  0.14013E+02  0.31591E-02  0.13374E+02  0.24158E-04  0.51370E-01  0.13322E+02  0.10026E+01
   10.5890   4.0400  21.0000   0.4624   5.6828  0.13890E+02  0.13887E+02  0.31856E-02  0.13239E+02  0.23338E-04  0.50558E-01  0.13188E+02  0.10026E+01
   10.5890   4.0500  21.0000   0.4643   5.6969  0.13765E+02  0.13761E+02  0.32125E-02  0.13106E+02  0.22536E-04  0.49763E-01  0.13056E+02  0.10026E+01
   10.5890   4.0600  21.0000   0.4661   5.7109  0.13639E+02  0.13636E+02  0.32398E-02  0.12972E+02  0.21753E-04  0.48985E-01  0.12923E+02  0.10026E+01
   10.5890   4.0700  21.0000   0.4680   5.7250  0.13515E+02  0.13511E+02  0.32674E-02  0.12839E+02  0.20988E-04  0.48223E-01  0.12791E+02  0.10026E+01
   10.5890   4.0800  21.0000   0.4699   5.7391  0.13390E+02  0.13387E+02  0.32953E-02  0.12707E+02  0.20240E-04  0.47477E-01  0.12660E+02  0.10026E+01
   10.5890   4.0900  21.0000   0.4717   5.7531  0.13266E+02  0.13263E+02  0.33235E-02  0.12575E+02  0.19511E-04  0.46747E-01  0.12529E+02  0.10027E+01
   10.5890   4.1000  21.0000   0.4736   5.7672  0.13140E+02  0.13137E+02  0.33521E-02  0.12443E+02  0.18800E-04  0.46032E-01  0.12397E+02  0.10027E+01
   10.5890   4.1100  21.0000   0.4755   5.7813  0.13015E+02  0.13012E+02  0.33812E-02  0.12312E+02  0.18106E-04  0.45332E-01  0.12266E+02  0.10027E+01
   10.5890   4.1200  21.0000   0.4774   5.7953  0.12891E+02  0.12887E+02  0.34106E-02  0.12181E+02  0.17433E-04  0.44664E-01  0.12137E+02  0.10027E+01
   10.5890   4.1300  21.0000   0.4793   5.8094  0.12767E+02  0.12764E+02  0.34404E-02  0.12052E+02  0.16773E-04  0.43994E-01  0.12008E+02  0.10028E+01
   10.5890   4.1400  21.0000   0.4812   5.8235  0.12644E+02  0.12640E+02  0.34706E-02  0.11923E+02  0.16133E-04  0.43339E-01  0.11880E+02  0.10028E+01
   10.5890   4.1500  21.0000   0.4831   5.8375  0.12520E+02  0.12517E+02  0.35012E-02  0.11795E+02  0.15511E-04  0.42697E-01  0.11753E+02  0.10028E+01
   10.5890   4.1600  21.0000   0.4850   5.8516  0.12398E+02  0.12394E+02  0.35322E-02  0.11668E+02  0.14905E-04  0.42069E-01  0.11626E+02  0.10028E+01
   10.5890   4.1700  21.0000   0.4870   5.8657  0.12276E+02  0.12272E+02  0.35637E-02  0.11541E+02  0.14317E-04  0.41455E-01  0.11500E+02  0.10028E+01
   10.5890   4.1800  21.0000   0.4889   5.8797  0.12154E+02  0.12151E+02  0.35955E-02  0.11415E+02  0.13746E-04  0.40854E-01  0.11374E+02  0.10028E+01
   10.5890   4.1900  21.0000   0.4908   5.8938  0.12033E+02  0.12030E+02  0.36278E-02  0.11289E+02  0.13192E-04  0.40267E-01  0.11249E+02  0.10028E+01
   10.5890   4.2000  21.0000   0.4928   5.9079  0.11913E+02  0.11909E+02  0.36605E-02  0.11165E+02  0.12654E-04  0.39691E-01  0.11125E+02  0.10028E+01
   10.5890   4.2100  21.0000   0.4947   5.9219  0.11793E+02  0.11789E+02  0.36936E-02  0.11041E+02  0.12133E-04  0.39128E-01  0.11002E+02  0.10029E+01
   10.5890   4.2200  21.0000   0.4967   5.9360  0.11673E+02  0.11669E+02  0.37272E-02  0.10917E+02  0.11627E-04  0.38578E-01  0.10879E+02  0.10029E+01
   10.5890   4.2300  21.0000   0.4986   5.9501  0.11554E+02  0.11550E+02  0.37612E-02  0.10795E+02  0.11138E-04  0.38040E-01  0.10757E+02  0.10029E+01
   10.5890   4.2400  21.0000   0.5006   5.9641  0.11436E+02  0.11432E+02  0.37957E-02  0.10673E+02  0.10664E-04  0.37512E-01  0.10635E+02  0.10029E+01
   10.5890   4.2500  21.0000   0.5026   5.9782  0.11318E+02  0.11314E+02  0.38307E-02  0.10551E+02  0.10206E-04  0.36997E-01  0.10514E+02  0.10029E+01
   10.5890   4.2600  21.0000   0.5045   5.9923  0.11200E+02  0.11196E+02  0.38662E-02  0.10430E+02  0.97626E-05  0.36497E-01  0.10394E+02  0.10029E+01
   10.5890   4.2700  21.0000   0.5065   6.0063  0.11083E+02  0.11079E+02  0.39021E-02  0.10311E+02  0.93341E-05  0.35998E-01  0.10275E+02  0.10029E+01
   10.5890   4.2800  21.0000   0.5085   6.0204  0.10967E+02  0.10963E+02  0.39385E-02  0.10192E+02  0.89202E-05  0.35427E-01  0.10156E+02  0.10030E+01
   10.5890   4.2900  21.0000   0.5105   6.0345  0.10851E+02  0.10847E+02  0.39755E-02  0.10074E+02  0.85205E-05  0.34959E-01  0.10039E+02  0.10030E+01
   10.5890   4.3000  21.0000   0.5125   6.0485  0.10735E+02  0.10731E+02  0.40129E-02  0.99560E+01  0.81348E-05  0.34497E-01  0.99215E+01  0.10030E+01
   10.5890   4.3100  21.0000   0.5145   6.0626  0.10620E+02  0.10616E+02  0.40508E-02  0.98391E+01  0.77626E-05  0.34049E-01  0.98050E+01  0.10030E+01
   10.5890   4.3200  21.0000   0.5165   6.0767  0.10506E+02  0.10502E+02  0.40893E-02  0.97229E+01  0.74039E-05  0.33612E-01  0.96893E+01  0.10030E+01
   10.5890   4.3300  21.0000   0.5186   6.0907  0.10392E+02  0.10388E+02  0.41284E-02  0.96073E+01  0.70586E-05  0.33183E-01  0.95741E+01  0.10030E+01
   10.5890   4.3400  21.0000   0.5206   6.1048  0.10278E+02  0.10274E+02  0.41679E-02  0.94924E+01  0.67257E-05  0.32765E-01  0.94596E+01  0.10030E+01
   10.5890   4.3500  21.0000   0.5226   6.1189  0.10165E+02  0.10161E+02  0.42081E-02  0.93780E+01  0.64054E-05  0.32356E-01  0.93457E+01  0.10031E+01
   10.5890   4.3600  21.0000   0.5247   6.1329  0.10053E+02  0.10049E+02  0.42488E-02  0.92646E+01  0.60972E-05  0.31957E-01  0.92326E+01  0.10031E+01
   10.5890   4.3700  21.0000   0.5267   6.1470  0.99411E+01  0.99369E+01  0.42900E-02  0.91520E+01  0.58014E-05  0.31565E-01  0.91204E+01  0.10031E+01
   10.5890   4.3800  21.0000   0.5288   6.1611  0.98290E+01  0.98247E+01  0.43319E-02  0.90395E+01  0.55168E-05  0.31182E-01  0.90083E+01  0.10031E+01
   10.5890   4.3900  21.0000   0.5308   6.1751  0.97172E+01  0.97128E+01  0.43742E-02  0.89277E+01  0.52434E-05  0.30809E-01  0.88968E+01  0.10032E+01
   10.5890   4.4000  21.0000   0.5329   6.1892  0.96060E+01  0.96016E+01  0.44173E-02  0.88164E+01  0.49803E-05  0.30443E-01  0.87860E+01  0.10032E+01
   10.5890   4.4100  21.0000   0.5350   6.2033  0.94953E+01  0.94909E+01  0.44609E-02  0.87057E+01  0.47285E-05  0.30085E-01  0.86756E+01  0.10032E+01
   10.5890   4.4200  21.0000   0.5371   6.2173  0.93853E+01  0.93808E+01  0.45052E-02  0.85954E+01  0.44872E-05  0.29735E-01  0.85657E+01  0.10032E+01
   10.5890   4.4300  21.0000   0.5392   6.2314  0.92758E+01  0.92712E+01  0.45502E-02  0.84867E+01  0.42557E-05  0.29393E-01  0.84573E+01  0.10032E+01
   10.5890   4.4400  21.0000   0.5412   6.2455  0.91669E+01  0.91623E+01  0.45958E-02  0.83788E+01  0.40340E-05  0.29059E-01  0.83498E+01  0.10032E+01
   10.5890   4.4500  21.0000   0.5434   6.2595  0.90587E+01  0.90541E+01  0.46420E-02  0.82718E+01  0.38217E-05  0.28732E-01  0.82430E+01  0.10033E+01
   10.5890   4.4600  21.0000   0.5455   6.2736  0.89511E+01  0.89464E+01  0.46890E-02  0.81652E+01  0.36186E-05  0.28414E-01  0.81368E+01  0.10033E+01
   10.5890   4.4700  21.0000   0.5476   6.2877  0.88441E+01  0.88393E+01  0.47366E-02  0.80593E+01  0.34244E-05  0.28103E-01  0.80312E+01  0.10033E+01
   10.5890   4.4800  21.0000   0.5497   6.3017  0.87376E+01  0.87329E+01  0.47849E-02  0.79542E+01  0.32388E-05  0.27799E-01  0.79264E+01  0.10033E+01
   10.5890   4.4900  21.0000   0.5518   6.3158  0.86319E+01  0.86270E+01  0.48339E-02  0.78496E+01  0.30615E-05  0.27502E-01  0.78221E+01  0.10033E+01
   10.5890   4.5000  21.0000   0.5540   6.3299  0.85266E+01  0.85218E+01  0.48837E-02  0.77460E+01  0.28922E-05  0.27212E-01  0.77187E+01  0.10033E+01
   10.5890   4.5100  21.0000   0.5561   6.3439  0.84221E+01  0.84172E+01  0.49341E-02  0.76428E+01  0.27308E-05  0.26930E-01  0.76159E+01  0.10034E+01
   10.5890   4.5200  21.0000   0.5583   6.3580  0.83182E+01  0.83132E+01  0.49854E-02  0.75407E+01  0.25768E-05  0.26654E-01  0.75140E+01  0.10034E+01
   10.5890   4.5300  21.0000   0.5604   6.3721  0.82148E+01  0.82098E+01  0.50373E-02  0.74392E+01  0.24300E-05  0.26426E-01  0.74128E+01  0.10034E+01
   10.5890   4.5400  21.0000   0.5626   6.3861  0.81120E+01  0.81069E+01  0.50901E-02  0.73385E+01  0.22903E-05  0.26161E-01  0.73124E+01  0.10034E+01
   10.5890   4.5500  21.0000   0.5648   6.4002  0.80097E+01  0.80045E+01  0.51436E-02  0.72385E+01  0.21573E-05  0.25903E-01  0.72126E+01  0.10034E+01
   10.5890   4.5600  21.0000   0.5669   6.4142  0.79080E+01  0.79028E+01  0.51979E-02  0.71392E+01  0.20308E-05  0.25651E-01  0.71136E+01  0.10035E+01
   10.5890   4.5700  21.0000   0.5691   6.4283  0.78070E+01  0.78018E+01  0.52531E-02  0.70403E+01  0.19105E-05  0.25404E-01  0.70148E+01  0.10035E+01
   10.5890   4.5800  21.0000   0.5713   6.4424  0.77073E+01  0.77020E+01  0.53093E-02  0.69429E+01  0.17962E-05  0.25163E-01  0.69177E+01  0.10035E+01
   10.5890   4.5900  21.0000   0.5735   6.4564  0.76068E+01  0.76014E+01  0.53658E-02  0.68456E+01  0.16877E-05  0.24928E-01  0.68207E+01  0.10035E+01
   10.5890   4.6000  21.0000   0.5757   6.4705  0.75071E+01  0.75017E+01  0.54236E-02  0.67494E+01  0.15847E-05  0.24700E-01  0.67247E+01  0.10036E+01
   10.5890   4.6100  21.0000   0.5780   6.4846  0.74083E+01  0.74028E+01  0.54822E-02  0.66540E+01  0.14871E-05  0.24477E-01  0.66295E+01  0.10036E+01
   10.5890   4.6200  21.0000   0.5802   6.4986  0.73101E+01  0.73046E+01  0.55416E-02  0.65594E+01  0.13945E-05  0.24259E-01  0.65352E+01  0.10036E+01
   10.5890   4.6300  21.0000   0.5824   6.5127  0.72126E+01  0.72070E+01  0.56020E-02  0.64652E+01  0.13068E-05  0.24048E-01  0.64412E+01  0.10036E+01
   10.5890   4.6400  21.0000   0.5846   6.5268  0.71158E+01  0.71101E+01  0.56632E-02  0.63719E+01  0.12238E-05  0.23836E-01  0.63481E+01  0.10036E+01
   10.5890   4.6500  21.0000   0.5869   6.5408  0.70192E+01  0.70135E+01  0.57255E-02  0.62792E+01  0.11453E-05  0.23639E-01  0.62555E+01  0.10037E+01
   10.5890   4.6600  21.0000   0.5891   6.5549  0.69238E+01  0.69180E+01  0.57888E-02  0.61872E+01  0.10711E-05  0.23448E-01  0.61638E+01  0.10037E+01
   10.5890   4.6700  21.0000   0.5914   6.5690  0.68289E+01  0.68231E+01  0.58530E-02  0.60960E+01  0.10010E-05  0.23262E-01  0.60727E+01  0.10037E+01
   10.5890   4.6800  21.0000   0.5937   6.5830  0.67348E+01  0.67288E+01  0.59181E-02  0.60057E+01  0.93484E-06  0.23082E-01  0.59826E+01  0.10037E+01
   10.5890   4.6900  21.0000   0.5960   6.5971  0.66413E+01  0.66353E+01  0.59843E-02  0.59162E+01  0.87244E-06  0.22907E-01  0.58933E+01  0.10037E+01
   10.5890   4.7000  21.0000   0.5982   6.6112  0.65485E+01  0.65425E+01  0.60515E-02  0.58275E+01  0.81355E-06  0.22737E-01  0.58048E+01  0.10037E+01
   10.5890   4.7100  21.0000   0.6005   6.6252  0.64565E+01  0.64504E+01  0.61198E-02  0.57396E+01  0.75813E-06  0.22572E-01  0.57170E+01  0.10038E+01
   10.5890   4.7200  21.0000   0.6028   6.6393  0.63652E+01  0.63590E+01  0.61891E-02  0.56526E+01  0.70595E-06  0.22413E-01  0.56302E+01  0.10038E+01
   10.5890   4.7300  21.0000   0.6051   6.6534  0.62746E+01  0.62683E+01  0.62596E-02  0.55659E+01  0.65686E-06  0.22258E-01  0.55436E+01  0.10038E+01
   10.5890   4.7400  21.0000   0.6075   6.6674  0.61847E+01  0.61784E+01  0.63311E-02  0.54805E+01  0.61073E-06  0.22108E-01  0.54584E+01  0.10038E+01
   10.5890   4.7500  21.0000   0.6098   6.6815  0.60953E+01  0.60889E+01  0.64036E-02  0.53958E+01  0.56741E-06  0.21963E-01  0.53738E+01  0.10039E+01
   10.5890   4.7600  21.0000   0.6121   6.6956  0.60067E+01  0.60002E+01  0.64776E-02  0.53121E+01  0.52673E-06  0.21822E-01  0.52903E+01  0.10039E+01
   10.5890   4.7700  21.0000   0.6145   6.7096  0.59190E+01  0.59124E+01  0.65525E-02  0.52292E+01  0.48861E-06  0.21687E-01  0.52075E+01  0.10039E+01
   10.5890   4.7800  21.0000   0.6168   6.7237  0.58319E+01  0.58253E+01  0.66287E-02  0.51470E+01  0.45288E-06  0.21556E-01  0.51255E+01  0.10039E+01
   10.5890   4.7900  21.0000   0.6192   6.7378  0.57459E+01  0.57392E+01  0.67060E-02  0.50657E+01  0.41945E-06  0.21429E-01  0.50443E+01  0.10039E+01
   10.5890   4.8000  21.0000   0.6215   6.7518  0.56588E+01  0.56520E+01  0.67844E-02  0.49842E+01  0.38813E-06  0.21307E-01  0.49629E+01  0.10040E+01
   10.5890   4.8100  21.0000   0.6239   6.7659  0.55730E+01  0.55662E+01  0.68642E-02  0.49037E+01  0.35886E-06  0.21190E-01  0.48825E+01  0.10040E+01
   10.5890   4.8200  21.0000   0.6263   6.7800  0.54881E+01  0.54811E+01  0.69454E-02  0.48240E+01  0.33153E-06  0.21077E-01  0.48030E+01  0.10040E+01
   10.5890   4.8300  21.0000   0.6287   6.7940  0.54053E+01  0.53983E+01  0.70284E-02  0.47455E+01  0.30601E-06  0.20968E-01  0.47245E+01  0.10040E+01
   10.5890   4.8400  21.0000   0.6311   6.8081  0.53203E+01  0.53132E+01  0.71112E-02  0.46663E+01  0.28222E-06  0.20863E-01  0.46455E+01  0.10041E+01
   10.5890   4.8500  21.0000   0.6335   6.8222  0.52368E+01  0.52296E+01  0.71965E-02  0.45885E+01  0.26006E-06  0.20763E-01  0.45678E+01  0.10041E+01
   10.5890   4.8600  21.0000   0.6359   6.8362  0.51548E+01  0.51475E+01  0.72830E-02  0.45119E+01  0.23943E-06  0.20668E-01  0.44913E+01  0.10041E+01
   10.5890   4.8700  21.0000   0.6383   6.8503  0.50736E+01  0.50662E+01  0.73709E-02  0.44361E+01  0.22025E-06  0.20576E-01  0.44155E+01  0.10041E+01
   10.5890   4.8800  21.0000   0.6407   6.8644  0.49932E+01  0.49857E+01  0.74602E-02  0.43611E+01  0.20243E-06  0.20488E-01  0.43406E+01  0.10042E+01
   10.5890   4.8900  21.0000   0.6432   6.8784  0.49134E+01  0.49058E+01  0.75509E-02  0.42870E+01  0.18586E-06  0.20393E-01  0.42666E+01  0.10042E+01
   10.5890   4.9000  21.0000   0.6456   6.8925  0.48345E+01  0.48269E+01  0.76431E-02  0.42139E+01  0.17051E-06  0.20316E-01  0.41935E+01  0.10042E+01
   10.5890   4.9100  21.0000   0.6481   6.9066  0.47565E+01  0.47487E+01  0.77368E-02  0.41415E+01  0.15628E-06  0.20242E-01  0.41212E+01  0.10042E+01
   10.5890   4.9200  21.0000   0.6505   6.9206  0.46791E+01  0.46713E+01  0.78320E-02  0.40699E+01  0.14311E-06  0.20172E-01  0.40497E+01  0.10043E+01
   10.5890   4.9300  21.0000   0.6530   6.9347  0.46025E+01  0.45946E+01  0.79287E-02  0.39994E+01  0.13092E-06  0.20106E-01  0.39793E+01  0.10043E+01
   10.5890   4.9400  21.0000   0.6555   6.9488  0.45266E+01  0.45186E+01  0.80270E-02  0.39295E+01  0.11966E-06  0.20044E-01  0.39095E+01  0.10043E+01
   10.5890   4.9500  21.0000   0.6580   6.9628  0.44506E+01  0.44424E+01  0.81271E-02  0.38599E+01  0.10926E-06  0.19984E-01  0.38399E+01  0.10043E+01
   10.5890   4.9600  21.0000   0.6605   6.9769  0.43766E+01  0.43683E+01  0.82286E-02  0.37916E+01  0.99695E-07  0.19929E-01  0.37717E+01  0.10043E+01
   10.5890   4.9700  21.0000   0.6630   6.9910  0.43032E+01  0.42949E+01  0.83318E-02  0.37241E+01  0.90833E-07  0.19878E-01  0.37042E+01  0.10044E+01
   10.5890   4.9800  21.0000   0.6655   7.0050  0.42302E+01  0.42217E+01  0.84365E-02  0.36570E+01  0.82694E-07  0.19826E-01  0.36372E+01  0.10044E+01
   10.5890   4.9900  21.0000   0.6680   7.0191  0.41575E+01  0.41489E+01  0.85430E-02  0.35901E+01  0.75204E-07  0.19782E-01  0.35703E+01  0.10045E+01
   10.5890   5.0000  21.0000   0.6706   7.0332  0.40850E+01  0.40764E+01  0.86511E-02  0.35238E+01  0.68334E-07  0.19742E-01  0.35041E+01  0.10045E+01
   10.5890   5.0100  21.0000   0.6731   7.0472  0.40137E+01  0.40049E+01  0.87619E-02  0.34586E+01  0.62028E-07  0.19706E-01  0.34389E+01  0.10045E+01
   10.5890   5.0200  21.0000   0.6757   7.0613  0.39471E+01  0.39382E+01  0.88762E-02  0.33958E+01  0.56244E-07  0.19673E-01  0.33761E+01  0.10042E+01
   10.5890   5.0300  21.0000   0.6783   7.0754  0.38717E+01  0.38628E+01  0.89862E-02  0.33289E+01  0.50936E-07  0.19644E-01  0.33093E+01  0.10047E+01
   10.5890   5.0400  21.0000   0.6808   7.0894  0.38014E+01  0.37923E+01  0.91028E-02  0.32652E+01  0.46096E-07  0.19618E-01  0.32456E+01  0.10046E+01
   10.5890   5.0500  21.0000   0.6834   7.1035  0.37329E+01  0.37237E+01  0.92207E-02  0.32031E+01  0.41663E-07  0.19594E-01  0.31835E+01  0.10046E+01
   10.5890   5.0600  21.0000   0.6860   7.1176  0.36654E+01  0.36560E+01  0.93403E-02  0.31420E+01  0.37617E-07  0.19575E-01  0.31225E+01  0.10046E+01
   10.5890   5.0700  21.0000   0.6886   7.1316  0.35987E+01  0.35892E+01  0.94617E-02  0.30816E+01  0.33928E-07  0.19560E-01  0.30620E+01  0.10047E+01
   10.5890   5.0800  21.0000   0.6912   7.1457  0.35329E+01  0.35233E+01  0.95855E-02  0.30222E+01  0.30563E-07  0.19548E-01  0.30027E+01  0.10047E+01
   10.5890   5.0900  21.0000   0.6938   7.1598  0.34685E+01  0.34588E+01  0.97112E-02  0.29641E+01  0.27502E-07  0.19539E-01  0.29446E+01  0.10047E+01
   10.5890   5.1000  21.0000   0.6965   7.1738  0.34049E+01  0.33951E+01  0.98386E-02  0.29068E+01  0.24719E-07  0.19534E-01  0.28872E+01  0.10047E+01
   10.5890   5.1100  21.0000   0.6991   7.1879  0.33419E+01  0.33319E+01  0.99682E-02  0.28499E+01  0.22192E-07  0.19532E-01  0.28304E+01  0.10047E+01
   10.5890   5.1200  21.0000   0.7017   7.2020  0.32794E+01  0.32693E+01  0.10100E-01  0.27938E+01  0.19890E-07  0.19534E-01  0.27743E+01  0.10048E+01
   10.5890   5.1300  21.0000   0.7044   7.2160  0.32177E+01  0.32075E+01  0.10234E-01  0.27381E+01  0.17819E-07  0.19539E-01  0.27186E+01  0.10048E+01
   10.5890   5.1400  21.0000   0.7071   7.2301  0.31559E+01  0.31456E+01  0.10370E-01  0.26830E+01  0.15939E-07  0.19547E-01  0.26635E+01  0.10048E+01
   10.5890   5.1500  21.0000   0.7098   7.2442  0.30960E+01  0.30855E+01  0.10509E-01  0.26289E+01  0.14239E-07  0.19559E-01  0.26093E+01  0.10048E+01
   10.5890   5.1600  21.0000   0.7124   7.2582  0.30367E+01  0.30260E+01  0.10649E-01  0.25753E+01  0.12703E-07  0.19573E-01  0.25557E+01  0.10049E+01
   10.5890   5.1700  21.0000   0.7151   7.2723  0.29778E+01  0.29670E+01  0.10792E-01  0.25222E+01  0.11317E-07  0.19592E-01  0.25027E+01  0.10049E+01
   10.5890   5.1800  21.0000   0.7178   7.2864  0.29191E+01  0.29081E+01  0.10936E-01  0.24696E+01  0.10069E-07  0.19613E-01  0.24500E+01  0.10050E+01
   10.5890   5.1900  21.0000   0.7206   7.3004  0.28596E+01  0.28485E+01  0.11084E-01  0.24168E+01  0.89448E-08  0.19638E-01  0.23972E+01  0.10050E+01
   10.5890   5.2000  21.0000   0.7233   7.3145  0.28036E+01  0.27924E+01  0.11238E-01  0.23663E+01  0.79350E-08  0.19666E-01  0.23466E+01  0.10048E+01
   10.5890   5.2100  21.0000   0.7260   7.3286  0.27462E+01  0.27348E+01  0.11384E-01  0.23153E+01  0.70281E-08  0.19698E-01  0.22956E+01  0.10054E+01
   10.5890   5.2200  21.0000   0.7288   7.3426  0.26885E+01  0.26769E+01  0.11541E-01  0.22648E+01  0.62151E-08  0.19732E-01  0.22451E+01  0.10051E+01
   10.5890   5.2300  21.0000   0.7315   7.3567  0.26347E+01  0.26231E+01  0.11693E-01  0.22162E+01  0.54871E-08  0.19770E-01  0.21964E+01  0.10056E+01
   10.5890   5.2400  21.0000   0.7343   7.3708  0.25763E+01  0.25645E+01  0.11857E-01  0.21660E+01  0.48361E-08  0.19811E-01  0.21462E+01  0.10054E+01
   10.5890   5.2500  21.0000   0.7371   7.3848  0.25217E+01  0.25097E+01  0.12021E-01  0.21182E+01  0.42546E-08  0.19855E-01  0.20984E+01  0.10053E+01
   10.5890   5.2600  21.0000   0.7399   7.3989  0.24681E+01  0.24559E+01  0.12187E-01  0.20715E+01  0.37296E-08  0.19903E-01  0.20516E+01  0.10053E+01
   10.5890   5.2700  21.0000   0.7427   7.4130  0.24163E+01  0.24039E+01  0.12355E-01  0.20260E+01  0.32745E-08  0.19953E-01  0.20061E+01  0.10052E+01
   10.5890   5.2800  21.0000   0.7455   7.4270  0.23654E+01  0.23529E+01  0.12526E-01  0.19813E+01  0.28639E-08  0.20007E-01  0.19613E+01  0.10053E+01
   10.5890   5.2900  21.0000   0.7483   7.4411  0.23156E+01  0.23029E+01  0.12699E-01  0.19373E+01  0.24996E-08  0.20064E-01  0.19172E+01  0.10053E+01
   10.5890   5.3000  21.0000   0.7511   7.4552  0.22664E+01  0.22536E+01  0.12875E-01  0.18940E+01  0.21768E-08  0.20124E-01  0.18738E+01  0.10053E+01
   10.5890   5.3100  21.0000   0.7540   7.4692  0.22178E+01  0.22047E+01  0.13053E-01  0.18511E+01  0.18912E-08  0.20187E-01  0.18309E+01  0.10054E+01
   10.5890   5.3200  21.0000   0.7568   7.4833  0.21697E+01  0.21564E+01  0.13235E-01  0.18086E+01  0.16391E-08  0.20253E-01  0.17884E+01  0.10054E+01
   10.5890   5.3300  21.0000   0.7597   7.4974  0.21221E+01  0.21087E+01  0.13419E-01  0.17667E+01  0.14170E-08  0.20321E-01  0.17464E+01  0.10055E+01
   10.5890   5.3400  21.0000   0.7626   7.5114  0.20752E+01  0.20616E+01  0.13606E-01  0.17254E+01  0.12217E-08  0.20393E-01  0.17050E+01  0.10055E+01
   10.5890   5.3500  21.0000   0.7655   7.5255  0.20288E+01  0.20150E+01  0.13796E-01  0.16846E+01  0.10505E-08  0.20468E-01  0.16641E+01  0.10056E+01
   10.5890   5.3600  21.0000   0.7684   7.5396  0.19800E+01  0.19660E+01  0.13979E-01  0.16425E+01  0.90068E-09  0.20546E-01  0.16219E+01  0.10063E+01
   10.5890   5.3700  21.0000   0.7713   7.5536  0.19336E+01  0.19194E+01  0.14184E-01  0.16025E+01  0.76999E-09  0.20627E-01  0.15819E+01  0.10057E+01
   10.5890   5.3800  21.0000   0.7742   7.5677  0.18886E+01  0.18743E+01  0.14382E-01  0.15635E+01  0.65630E-09  0.20710E-01  0.15428E+01  0.10058E+01
   10.5890   5.3900  21.0000   0.7771   7.5818  0.18443E+01  0.18298E+01  0.14585E-01  0.15253E+01  0.55775E-09  0.20797E-01  0.15045E+01  0.10057E+01
   10.5890   5.4000  21.0000   0.7801   7.5958  0.18051E+01  0.17903E+01  0.14793E-01  0.14896E+01  0.47259E-09  0.20887E-01  0.14688E+01  0.10056E+01
   10.5890   5.4100  21.0000   0.7830   7.6099  0.17573E+01  0.17423E+01  0.14983E-01  0.14498E+01  0.39933E-09  0.20979E-01  0.14289E+01  0.10068E+01
   10.5890   5.4200  21.0000   0.7860   7.6240  0.17124E+01  0.16972E+01  0.15206E-01  0.14122E+01  0.33657E-09  0.21073E-01  0.13911E+01  0.10060E+01
   10.5890   5.4300  21.0000   0.7890   7.6380  0.16699E+01  0.16544E+01  0.15421E-01  0.13762E+01  0.28303E-09  0.21171E-01  0.13550E+01  0.10060E+01
   10.5890   5.4400  21.0000   0.7919   7.6521  0.16287E+01  0.16131E+01  0.15639E-01  0.13413E+01  0.23763E-09  0.21271E-01  0.13200E+01  0.10060E+01
   10.5890   5.4500  21.0000   0.7949   7.6662  0.15889E+01  0.15731E+01  0.15861E-01  0.13074E+01  0.19935E-09  0.21374E-01  0.12860E+01  0.10059E+01
   10.5890   5.4600  21.0000   0.7980   7.6802  0.15513E+01  0.15352E+01  0.16089E-01  0.12749E+01  0.16729E-09  0.21479E-01  0.12534E+01  0.10057E+01
   10.5890   5.4700  21.0000   0.8010   7.6943  0.15151E+01  0.14988E+01  0.16315E-01  0.12433E+01  0.14062E-09  0.21588E-01  0.12217E+01  0.10057E+01
   10.5890   5.4800  21.0000   0.8040   7.7084  0.14791E+01  0.14626E+01  0.16544E-01  0.12119E+01  0.11864E-09  0.21698E-01  0.11902E+01  0.10058E+01
   10.5890   5.4900  21.0000   0.8071   7.7224  0.14433E+01  0.14266E+01  0.16775E-01  0.11807E+01  0.10068E-09  0.21811E-01  0.11589E+01  0.10059E+01
   10.5890   5.5000  21.0000   0.8101   7.7365  0.14078E+01  0.13908E+01  0.17010E-01  0.11499E+01  0.86168E-10  0.21927E-01  0.11280E+01  0.10060E+01
   10.5890   5.5100  21.0000   0.8132   7.7506  0.13726E+01  0.13554E+01  0.17249E-01  0.11195E+01  0.74572E-10  0.22044E-01  0.10974E+01  0.10061E+01
   10.5890   5.5200  21.0000   0.8163   7.7646  0.13378E+01  0.13203E+01  0.17490E-01  0.10892E+01  0.65435E-10  0.22164E-01  0.10671E+01  0.10062E+01
   10.5890   5.5300  21.0000   0.8194   7.7787  0.13017E+01  0.12840E+01  0.17722E-01  0.10589E+01  0.58335E-10  0.22287E-01  0.10366E+01  0.10069E+01
   10.5890   5.5400  21.0000   0.8225   7.7928  0.12664E+01  0.12484E+01  0.17980E-01  0.10288E+01  0.52905E-10  0.22411E-01  0.10064E+01  0.10064E+01
   10.5890   5.5500  21.0000   0.8256   7.8068  0.12321E+01  0.12138E+01  0.18229E-01  0.99962E+00  0.48819E-10  0.22537E-01  0.97709E+00  0.10066E+01
   10.5890   5.5600  21.0000   0.8287   7.8209  0.11939E+01  0.11754E+01  0.18487E-01  0.96920E+00  0.45786E-10  0.22666E-01  0.94654E+00  0.10064E+01
   10.5890   5.5700  21.0000   0.8319   7.8349  0.11626E+01  0.11439E+01  0.18754E-01  0.94275E+00  0.43553E-10  0.22796E-01  0.91996E+00  0.10059E+01
   10.5890   5.5800  21.0000   0.8350   7.8490  0.11350E+01  0.11160E+01  0.19003E-01  0.91756E+00  0.41899E-10  0.22928E-01  0.89464E+00  0.10065E+01
   10.5890   5.5900  21.0000   0.8382   7.8631  0.10968E+01  0.10775E+01  0.19256E-01  0.88763E+00  0.40621E-10  0.23061E-01  0.86457E+00  0.10071E+01
   10.5890   5.6000  21.0000   0.8414   7.8771  0.10641E+01  0.10446E+01  0.19525E-01  0.86095E+00  0.39562E-10  0.23197E-01  0.83775E+00  0.10070E+01
   10.5890   5.6100  21.0000   0.8446   7.8912  0.10331E+01  0.10133E+01  0.19796E-01  0.83545E+00  0.38576E-10  0.23334E-01  0.81212E+00  0.10069E+01
   10.5890   5.6200  21.0000   0.8478   7.9053  0.10034E+01  0.98337E+00  0.20070E-01  0.81095E+00  0.37543E-10  0.23471E-01  0.78748E+00  0.10067E+01
   10.5890   5.6300  21.0000   0.8510   7.9193  0.97540E+00  0.95505E+00  0.20348E-01  0.78766E+00  0.36364E-10  0.23611E-01  0.76405E+00  0.10066E+01
   10.5890   5.6400  21.0000   0.8542   7.9334  0.95042E+00  0.92979E+00  0.20633E-01  0.76607E+00  0.34960E-10  0.23751E-01  0.74232E+00  0.10062E+01
   10.5890   5.6500  21.0000   0.8575   7.9475  0.92574E+00  0.90483E+00  0.20909E-01  0.74465E+00  0.33268E-10  0.23893E-01  0.72076E+00  0.10063E+01
   10.5890   5.6600  21.0000   0.8607   7.9615  0.90100E+00  0.87981E+00  0.21188E-01  0.72334E+00  0.31242E-10  0.24034E-01  0.69930E+00  0.10065E+01
   10.5890   5.6700  21.0000   0.8640   7.9756  0.87614E+00  0.85467E+00  0.21467E-01  0.70205E+00  0.28852E-10  0.24176E-01  0.67788E+00  0.10066E+01
   10.5890   5.6800  21.0000   0.8673   7.9897  0.85131E+00  0.82956E+00  0.21749E-01  0.68089E+00  0.26081E-10  0.24320E-01  0.65657E+00  0.10068E+01
   10.5890   5.6900  21.0000   0.8706   8.0037  0.82656E+00  0.80453E+00  0.22033E-01  0.65995E+00  0.22923E-10  0.24463E-01  0.63548E+00  0.10070E+01
   10.5890   5.7000  21.0000   0.8739   8.0178  0.80173E+00  0.77942E+00  0.22317E-01  0.63907E+00  0.19384E-10  0.24605E-01  0.61447E+00  0.10072E+01
   10.5890   5.7100  21.0000   0.8773   8.0319  0.77646E+00  0.75386E+00  0.22599E-01  0.61808E+00  0.15480E-10  0.24748E-01  0.59333E+00  0.10075E+01
   10.5890   5.7200  21.0000   0.8806   8.0459  0.75028E+00  0.72740E+00  0.22880E-01  0.59664E+00  0.13087E-10  0.24891E-01  0.57175E+00  0.10080E+01
   10.5890   5.7300  21.0000   0.8839   8.0600  0.71916E+00  0.69598E+00  0.23186E-01  0.57346E+00  0.11255E-10  0.25032E-01  0.54843E+00  0.10074E+01
   10.5890   5.7400  21.0000   0.8873   8.0741  0.69671E+00  0.67322E+00  0.23484E-01  0.55512E+00  0.96697E-11  0.25172E-01  0.52994E+00  0.10072E+01
   10.5890   5.7500  21.0000   0.8907   8.0881  0.67700E+00  0.65326E+00  0.23739E-01  0.53778E+00  0.82981E-11  0.25312E-01  0.51247E+00  0.10089E+01
   10.5890   5.7600  21.0000   0.8941   8.1022  0.65096E+00  0.62691E+00  0.24053E-01  0.51777E+00  0.71132E-11  0.25450E-01  0.49232E+00  0.10080E+01
   10.5890   5.7700  21.0000   0.8975   8.1163  0.62842E+00  0.60407E+00  0.24347E-01  0.49979E+00  0.60906E-11  0.25586E-01  0.47420E+00  0.10080E+01
   10.5890   5.7800  21.0000   0.9009   8.1303  0.60707E+00  0.58242E+00  0.24646E-01  0.48275E+00  0.52091E-11  0.25720E-01  0.45703E+00  0.10077E+01
   10.5890   5.7900  21.0000   0.9044   8.1444  0.58699E+00  0.56205E+00  0.24944E-01  0.46664E+00  0.44501E-11  0.25851E-01  0.44079E+00  0.10075E+01
   10.5890   5.8000  21.0000   0.9078   8.1585  0.56922E+00  0.54397E+00  0.25254E-01  0.45205E+00  0.37973E-11  0.25979E-01  0.42607E+00  0.10067E+01
   10.5890   5.8100  21.0000   0.9113   8.1725  0.55373E+00  0.52818E+00  0.25551E-01  0.43867E+00  0.32365E-11  0.26105E-01  0.41256E+00  0.10064E+01
   10.5890   5.8200  21.0000   0.9148   8.1866  0.53841E+00  0.51257E+00  0.25832E-01  0.42537E+00  0.27553E-11  0.26226E-01  0.39915E+00  0.10066E+01
   10.5890   5.8300  21.0000   0.9183   8.2007  0.52277E+00  0.49666E+00  0.26109E-01  0.41193E+00  0.23429E-11  0.26344E-01  0.38559E+00  0.10069E+01
   10.5890   5.8400  21.0000   0.9218   8.2147  0.50681E+00  0.48043E+00  0.26382E-01  0.39841E+00  0.19898E-11  0.26456E-01  0.37196E+00  0.10073E+01
   10.5890   5.8500  21.0000   0.9253   8.2288  0.49065E+00  0.46400E+00  0.26653E-01  0.38484E+00  0.16880E-11  0.26564E-01  0.35827E+00  0.10075E+01
   10.5890   5.8600  21.0000   0.9289   8.2429  0.47424E+00  0.44733E+00  0.26916E-01  0.37121E+00  0.14302E-11  0.26667E-01  0.34454E+00  0.10079E+01
   10.5890   5.8700  21.0000   0.9324   8.2569  0.45737E+00  0.43020E+00  0.27169E-01  0.35737E+00  0.12103E-11  0.26762E-01  0.33060E+00  0.10084E+01
   10.5890   5.8800  21.0000   0.9360   8.2710  0.43983E+00  0.41242E+00  0.27418E-01  0.34322E+00  0.10229E-11  0.26852E-01  0.31637E+00  0.10089E+01
   10.5890   5.8900  21.0000   0.9396   8.2851  0.42021E+00  0.39260E+00  0.27609E-01  0.32805E+00  0.86354E-12  0.26936E-01  0.30112E+00  0.10113E+01
   10.5890   5.9000  21.0000   0.9432   8.2991  0.39908E+00  0.37106E+00  0.28023E-01  0.31306E+00  0.72807E-12  0.27011E-01  0.28605E+00  0.10053E+01
   10.5890   5.9100  21.0000   0.9468   8.3132  0.38455E+00  0.35645E+00  0.28105E-01  0.30122E+00  0.61310E-12  0.27076E-01  0.27414E+00  0.10110E+01
   10.5890   5.9200  21.0000   0.9504   8.3273  0.37033E+00  0.34193E+00  0.28396E-01  0.28983E+00  0.51562E-12  0.27135E-01  0.26269E+00  0.10088E+01
   10.5890   5.9300  21.0000   0.9541   8.3413  0.35534E+00  0.32672E+00  0.28616E-01  0.27827E+00  0.43310E-12  0.27183E-01  0.25108E+00  0.10089E+01
   10.5890   5.9400  21.0000   0.9577   8.3554  0.34150E+00  0.31267E+00  0.28832E-01  0.26751E+00  0.36332E-12  0.27221E-01  0.24029E+00  0.10088E+01
   10.5890   5.9500  21.0000   0.9614   8.3695  0.32873E+00  0.29968E+00  0.29052E-01  0.25755E+00  0.30439E-12  0.27247E-01  0.23030E+00  0.10081E+01
   10.5890   5.9600  21.0000   0.9651   8.3835  0.31783E+00  0.28857E+00  0.29262E-01  0.24870E+00  0.25469E-12  0.27263E-01  0.22144E+00  0.10073E+01
   10.5890   5.9700  21.0000   0.9688   8.3976  0.30845E+00  0.27899E+00  0.29456E-01  0.24076E+00  0.21283E-12  0.27267E-01  0.21349E+00  0.10066E+01
   10.5890   5.9800  21.0000   0.9726   8.4117  0.29968E+00  0.27007E+00  0.29611E-01  0.23311E+00  0.17761E-12  0.27258E-01  0.20585E+00  0.10068E+01
   10.5890   5.9900  21.0000   0.9763   8.4257  0.29067E+00  0.26093E+00  0.29744E-01  0.22530E+00  0.14802E-12  0.27233E-01  0.19807E+00  0.10072E+01
   10.5890   6.0000  21.0000   0.9801   8.4398  0.28121E+00  0.25135E+00  0.29856E-01  0.21727E+00  0.12320E-12  0.27196E-01  0.19007E+00  0.10077E+01
   10.5890   6.0100  21.0000   0.9838   8.4539  0.27134E+00  0.24139E+00  0.29948E-01  0.20906E+00  0.10240E-12  0.27143E-01  0.18191E+00  0.10083E+01
   10.5890   6.0200  21.0000   0.9876   8.4679  0.26108E+00  0.23105E+00  0.30026E-01  0.20064E+00  0.85001E-13  0.27075E-01  0.17357E+00  0.10088E+01
   10.5890   6.0300  21.0000   0.9914   8.4820  0.25035E+00  0.22027E+00  0.30076E-01  0.19204E+00  0.70460E-13  0.26990E-01  0.16505E+00  0.10095E+01
   10.5890   6.0400  21.0000   0.9953   8.4961  0.23927E+00  0.20916E+00  0.30109E-01  0.18328E+00  0.58326E-13  0.26889E-01  0.15639E+00  0.10101E+01
   10.5890   6.0500  21.0000   0.9991   8.5101  0.22859E+00  0.19845E+00  0.30144E-01  0.17467E+00  0.48215E-13  0.26771E-01  0.14789E+00  0.10099E+01
   10.5890   6.0600  21.0000   1.0030   8.5242  0.21227E+00  0.18230E+00  0.29969E-01  0.16362E+00  0.39802E-13  0.26632E-01  0.13698E+00  0.10159E+01
   10.5890   6.0700  21.0000   1.0069   8.5383  0.20308E+00  0.17290E+00  0.30177E-01  0.15664E+00  0.32810E-13  0.26477E-01  0.13016E+00  0.10083E+01
   10.5890   6.0800  21.0000   1.0107   8.5523  0.19399E+00  0.16393E+00  0.30067E-01  0.14969E+00  0.27008E-13  0.26302E-01  0.12339E+00  0.10105E+01
   10.5890   6.0900  21.0000   1.0147   8.5664  0.18565E+00  0.15562E+00  0.30033E-01  0.14330E+00  0.22200E-13  0.26108E-01  0.11719E+00  0.10094E+01
   10.5890   6.1000  21.0000   1.0186   8.5805  0.17798E+00  0.14804E+00  0.29947E-01  0.13739E+00  0.18222E-13  0.25894E-01  0.11149E+00  0.10091E+01
   10.5890   6.1100  21.0000   1.0225   8.5945  0.17100E+00  0.14116E+00  0.29833E-01  0.13195E+00  0.14935E-13  0.25661E-01  0.10629E+00  0.10088E+01
   10.5890   6.1200  21.0000   1.0265   8.6086  0.16509E+00  0.13536E+00  0.29733E-01  0.12717E+00  0.12224E-13  0.25407E-01  0.10176E+00  0.10070E+01
   10.5890   6.1300  21.0000   1.0305   8.6227  0.16020E+00  0.13064E+00  0.29558E-01  0.12293E+00  0.99895E-14  0.25133E-01  0.97799E-01  0.10069E+01
   10.5890   6.1400  21.0000   1.0345   8.6367  0.15537E+00  0.12603E+00  0.29342E-01  0.11868E+00  0.81516E-14  0.24840E-01  0.93841E-01  0.10072E+01
   10.5890   6.1500  21.0000   1.0385   8.6508  0.15024E+00  0.12115E+00  0.29083E-01  0.11427E+00  0.66419E-14  0.24526E-01  0.89741E-01  0.10080E+01
   10.5890   6.1600  21.0000   1.0425   8.6649  0.14475E+00  0.11595E+00  0.28805E-01  0.10966E+00  0.54037E-14  0.24193E-01  0.85471E-01  0.10085E+01
   10.5890   6.1700  21.0000   1.0466   8.6789  0.13892E+00  0.11044E+00  0.28489E-01  0.10488E+00  0.43897E-14  0.23841E-01  0.81038E-01  0.10093E+01
   10.5890   6.1800  21.0000   1.0507   8.6930  0.13278E+00  0.10464E+00  0.28142E-01  0.99935E-01  0.35605E-14  0.23470E-01  0.76465E-01  0.10103E+01
   10.5890   6.1900  21.0000   1.0548   8.7071  0.12619E+00  0.98429E-01  0.27765E-01  0.94784E-01  0.28835E-14  0.23081E-01  0.71703E-01  0.10113E+01
   10.5890   6.2000  21.0000   1.0589   8.7211  0.11924E+00  0.91882E-01  0.27359E-01  0.89491E-01  0.23316E-14  0.22675E-01  0.66816E-01  0.10125E+01
   10.5890   6.2100  21.0000   1.0630   8.7352  0.11190E+00  0.85110E-01  0.26786E-01  0.83940E-01  0.18824E-14  0.22252E-01  0.61688E-01  0.10189E+01
   10.5890   6.2200  21.0000   1.0672   8.7493  0.10273E+00  0.76168E-01  0.26557E-01  0.77995E-01  0.15173E-14  0.21814E-01  0.56181E-01  0.10115E+01
   10.5890   6.2300  21.0000   1.0713   8.7633  0.97573E-01  0.71428E-01  0.26145E-01  0.74152E-01  0.12212E-14  0.21361E-01  0.52791E-01  0.10100E+01
   10.5890   6.2400  21.0000   1.0755   8.7774  0.93131E-01  0.67461E-01  0.25669E-01  0.70741E-01  0.98121E-15  0.20895E-01  0.49845E-01  0.10101E+01
   10.5890   6.2500  21.0000   1.0797   8.7915  0.88763E-01  0.63605E-01  0.25158E-01  0.67439E-01  0.78715E-15  0.20417E-01  0.47022E-01  0.10107E+01
   10.5890   6.2600  21.0000   1.0839   8.8055  0.84988E-01  0.60287E-01  0.24701E-01  0.64531E-01  0.63044E-15  0.19928E-01  0.44603E-01  0.10083E+01
   10.5890   6.2700  21.0000   1.0882   8.8196  0.81925E-01  0.57752E-01  0.24173E-01  0.62024E-01  0.50411E-15  0.19430E-01  0.42594E-01  0.10080E+01
   10.5890   6.2800  21.0000   1.0925   8.8337  0.79097E-01  0.55477E-01  0.23621E-01  0.59630E-01  0.40243E-15  0.18924E-01  0.40706E-01  0.10080E+01
   10.5890   6.2900  21.0000   1.0967   8.8477  0.76257E-01  0.53212E-01  0.23045E-01  0.57226E-01  0.32073E-15  0.18412E-01  0.38814E-01  0.10084E+01
   10.5890   6.3000  21.0000   1.1010   8.8618  0.73347E-01  0.50893E-01  0.22454E-01  0.54772E-01  0.25518E-15  0.17893E-01  0.36878E-01  0.10089E+01
   10.5890   6.3100  21.0000   1.1054   8.8759  0.70210E-01  0.48370E-01  0.21840E-01  0.52196E-01  0.20270E-15  0.17372E-01  0.34824E-01  0.10100E+01
   10.5890   6.3200  21.0000   1.1097   8.8899  0.66840E-01  0.45623E-01  0.21218E-01  0.49504E-01  0.16073E-15  0.16848E-01  0.32656E-01  0.10112E+01
   10.5890   6.3300  21.0000   1.1141   8.9040  0.63263E-01  0.42668E-01  0.20595E-01  0.46724E-01  0.12724E-15  0.16324E-01  0.30400E-01  0.10121E+01
   10.5890   6.3400  21.0000   1.1185   8.9181  0.59767E-01  0.39762E-01  0.20005E-01  0.43996E-01  0.10055E-15  0.15799E-01  0.28196E-01  0.10111E+01
   10.5890   6.3500  21.0000   1.1229   8.9321  0.55392E-01  0.36190E-01  0.19202E-01  0.40784E-01  0.79319E-16  0.15277E-01  0.25507E-01  0.10212E+01
   10.5890   6.3600  21.0000   1.1273   8.9462  0.50637E-01  0.31857E-01  0.18780E-01  0.37667E-01  0.62463E-16  0.14758E-01  0.22909E-01  0.10111E+01
   10.5890   6.3700  21.0000   1.1317   8.9603  0.47749E-01  0.29605E-01  0.18144E-01  0.35482E-01  0.49103E-16  0.14244E-01  0.21238E-01  0.10124E+01
   10.5890   6.3800  21.0000   1.1362   8.9743  0.44044E-01  0.26592E-01  0.17452E-01  0.32974E-01  0.38532E-16  0.13735E-01  0.19239E-01  0.10172E+01
   10.5890   6.3900  21.0000   1.1407   8.9884  0.41778E-01  0.24824E-01  0.16954E-01  0.31274E-01  0.30183E-16  0.13233E-01  0.18041E-01  0.10109E+01
   10.5890   6.4000  21.0000   1.1452   9.0025  0.39827E-01  0.23457E-01  0.16370E-01  0.29764E-01  0.23600E-16  0.12738E-01  0.17026E-01  0.10099E+01
   10.5890   6.4100  21.0000   1.1498   9.0165  0.38014E-01  0.22243E-01  0.15771E-01  0.28342E-01  0.18419E-16  0.12252E-01  0.16089E-01  0.10102E+01
   10.5890   6.4200  21.0000   1.1543   9.0306  0.36252E-01  0.21072E-01  0.15180E-01  0.26961E-01  0.14350E-16  0.11775E-01  0.15186E-01  0.10105E+01
   10.5890   6.4300  21.0000   1.1589   9.0447  0.34630E-01  0.20016E-01  0.14614E-01  0.25670E-01  0.11159E-16  0.11309E-01  0.14362E-01  0.10098E+01
   10.5890   6.4400  21.0000   1.1635   9.0587  0.33094E-01  0.19049E-01  0.14045E-01  0.24426E-01  0.86609E-17  0.10853E-01  0.13574E-01  0.10100E+01
   10.5890   6.4500  21.0000   1.1681   9.0728  0.31522E-01  0.18042E-01  0.13479E-01  0.23165E-01  0.67099E-17  0.10408E-01  0.12757E-01  0.10108E+01
   10.5890   6.4600  21.0000   1.1728   9.0869  0.29896E-01  0.16964E-01  0.12931E-01  0.21881E-01  0.51885E-17  0.99747E-02  0.11906E-01  0.10113E+01
   10.5890   6.4700  21.0000   1.1774   9.1009  0.28168E-01  0.15791E-01  0.12377E-01  0.20543E-01  0.40045E-17  0.95538E-02  0.10990E-01  0.10135E+01
   10.5890   6.4800  21.0000   1.1821   9.1150  0.26328E-01  0.14475E-01  0.11853E-01  0.19164E-01  0.30847E-17  0.91451E-02  0.10019E-01  0.10144E+01
   10.5890   6.4900  21.0000   1.1868   9.1291  0.24172E-01  0.12839E-01  0.11333E-01  0.17670E-01  0.23716E-17  0.87492E-02  0.89211E-02  0.10162E+01
   10.5890   6.5000  21.0000   1.1916   9.1431  0.22584E-01  0.11713E-01  0.10871E-01  0.16491E-01  0.18198E-17  0.83658E-02  0.81250E-02  0.10141E+01
   10.5890   6.5100  21.0000   1.1963   9.1572  0.20994E-01  0.10609E-01  0.10386E-01  0.15312E-01  0.13937E-17  0.79952E-02  0.73169E-02  0.10157E+01
   10.5890   6.5200  21.0000   1.2011   9.1713  0.18614E-01  0.87865E-02  0.98270E-02  0.13807E-01  0.10652E-17  0.76375E-02  0.61698E-02  0.10265E+01
   10.5890   6.5300  21.0000   1.2059   9.1853  0.17620E-01  0.80915E-02  0.95290E-02  0.13053E-01  0.81257E-18  0.72925E-02  0.57603E-02  0.10117E+01
   10.5890   6.5400  21.0000   1.2107   9.1994  0.16644E-01  0.75465E-02  0.90978E-02  0.12320E-01  0.61860E-18  0.69602E-02  0.53594E-02  0.10123E+01
   10.5890   6.5500  21.0000   1.2156   9.2135  0.15693E-01  0.70087E-02  0.86843E-02  0.11617E-01  0.46997E-18  0.66404E-02  0.49770E-02  0.10127E+01
   10.5890   6.5600  21.0000   1.2205   9.2275  0.14896E-01  0.65917E-02  0.83048E-02  0.11009E-01  0.35633E-18  0.63330E-02  0.46757E-02  0.10108E+01
   10.5890   6.5700  21.0000   1.2254   9.2416  0.14201E-01  0.62709E-02  0.79300E-02  0.10459E-01  0.26961E-18  0.60378E-02  0.44209E-02  0.10100E+01
   10.5890   6.5800  21.0000   1.2303   9.2556  0.13550E-01  0.59862E-02  0.75635E-02  0.99317E-02  0.20358E-18  0.57546E-02  0.41771E-02  0.10100E+01
   10.5890   6.5900  21.0000   1.2352   9.2697  0.12858E-01  0.56555E-02  0.72024E-02  0.93850E-02  0.15340E-18  0.54831E-02  0.39019E-02  0.10113E+01
   10.5890   6.6000  21.0000   1.2402   9.2838  0.12137E-01  0.52793E-02  0.68576E-02  0.88246E-02  0.11535E-18  0.52229E-02  0.36017E-02  0.10124E+01
   10.5890   6.6100  21.0000   1.2452   9.2978  0.11364E-01  0.48383E-02  0.65255E-02  0.82434E-02  0.86548E-19  0.49738E-02  0.32696E-02  0.10138E+01
   10.5890   6.6200  21.0000   1.2502   9.3119  0.10600E-01  0.43877E-02  0.62126E-02  0.76731E-02  0.64802E-19  0.47355E-02  0.29375E-02  0.10144E+01
   10.5890   6.6300  21.0000   1.2553   9.3260  0.98318E-02  0.39246E-02  0.59072E-02  0.71012E-02  0.48415E-19  0.45077E-02  0.25935E-02  0.10161E+01
