EXTERNAL/TSAI:  VERSION OF 8/8/96

RUNPLAN for MARATHON                                                    
 simple example                                                         
                                                                        
Hall A 2018: 25 cm Tritium target                                       
Nominal values - not exact                                              

----*----1----*----2----*----3----*----4----*----5----*----6----*----7--
                                                                        

TARGET (iZ,iA) = (  1,  3);   avgA =   3.000; amuM=  3.016; avgM=  2.809
 targ=TRITIUM; ttarg(rl)=0.00042; twall=0.00481; tbeam=0.00342; tspec=0.00732
         Nseg  =   4
 MODELS: P elastc(ikk)=14; deut elastic=13; inelastc=  4; Pauli Supresion= 4
 NUCLEAR METHOD= 1;   NUCLEAR_MODEL= 1

    E1    TH    Q2 COS_K         SMR     NUC          INT-SMR
    EP     X    W2 QE-PK  INELA  Q-ELA  ELAST   TOTAL  MODEL

 10.59  2.90 12.59 13.83 0.702E+02  0.00  0.00  1.00  0.01  0.06  1.27
 10.59  3.10 15.58 12.52 0.308E+02  0.00  0.00  1.00  0.00  0.03  1.15
 10.59  3.10 19.11 11.31 0.118E+02  0.00  0.00  1.00  0.00  0.01  1.07
 10.59  3.10 20.58 10.74 0.773E+01  0.00  0.00  1.00  0.00  0.01  1.05
 10.59  3.10 21.93 10.18 0.519E+01  0.00  0.00  1.00  0.00  0.01  1.03
 10.59  3.10 23.21  9.62 0.353E+01  0.00  0.00  1.00  0.00  0.01  1.01
 10.59  3.10 24.43  9.06 0.242E+01  0.00  0.00  1.00  0.00  0.01  0.99
 10.59  3.10 25.59  8.49 0.165E+01  0.00  0.00  1.00  0.00  0.00  0.97
 10.59  3.10 26.70  7.93 0.112E+01  0.00  0.00  1.00  0.00  0.00  0.96
 10.59  3.10 27.78  7.37 0.752E+00  0.00  0.00  1.00  0.00  0.00  0.94
 10.59  3.10 29.92  6.19 0.308E+00  0.00  0.00  1.00  0.00  0.00  0.91
 10.59  3.10 31.73  5.12 0.128E+00  0.00  0.00  1.00  0.00  0.00  0.88
 10.59  3.10 33.56  3.99 0.453E-01  0.00  0.00  1.00  0.00  0.01  0.85
 10.59  2.90 36.12  3.50 0.212E-01  0.00  0.00  1.00  0.00  0.01  0.85
  0.000 0.000  0.000 .000  0.00  0.00  0.00  0.00  0.00  0.00 0.000
                           0.00  0.00  0.00  0.00  0.00  0.00 0.000E+00

