 Enter the input file name (in INP directory)
 filename=input/INP/marathon_example_T2.inp                                    
 cheesy poofsinput/INP/marathon_example_T2.inp                                               
input files for EXTERNAL: runplan/target/output                         
input/RUNPLAN/marathon_central_kin.inp                                          
input/TARG/targ.T2                                                              
output/OUT/marathon_example_T2_details.out                                      
RUNPLAN for MARATHON                                                    
 simple example                                                         
                                                                        
                                                                        
                                                                        
   E     Ep    theta     W     y     x      Q2                          
 e,ep,th,sigb,sigqe=   10.59    2.90   12.59  0.7024E+02  0.5823E-03
 TRITIUM rad len=   0.00000   0.00342   0.00000   0.00005   0.02939
 TRITIUM rad len=   6.25000   0.00342   0.00010   0.00005   0.02939
 TRITIUM rad len=  18.75000   0.00342   0.00032   0.00005   0.02939
 TRITIUM rad len=  12.50000   0.00342   0.00021   0.00005   0.02939
 TRITIUM rad len=  25.00000   0.00342   0.00042  -0.00000   0.01224
 TRITIUM rad len=   0.00000   0.00342   0.00000   0.00005   0.02939
 ttarg,sig=  0.0004  0.376E-01  0.180E-02  0.000E+00  0.364E-03
  10.589 12.589  1.48    0.00   25.22    5.59    1.22   32.04  1.000
   2.900  0.102 13.83    0.00   27.40    6.09    1.23   34.73 7.024E+01

 e,ep,th,sigb,sigqe=   10.59    3.10   15.58  0.3084E+02  0.4082E-03
 ttarg,sig=  0.0004  0.149E-01  0.338E-03  0.000E+00  0.341E-04
  10.589 15.577  2.41    0.00   15.24    2.41    0.26   17.91  1.000
   3.100  0.172 12.52    0.00   14.69    2.61    0.26   17.56 3.084E+01

 e,ep,th,sigb,sigqe=   10.59    3.10   19.11  0.1176E+02  0.2304E-03
 ttarg,sig=  0.0004  0.529E-02  0.653E-04  0.000E+00  0.260E-05
  10.589 19.115  3.62    0.00    9.28    1.22    0.05   10.56  1.000
   3.100  0.258 11.31    0.00    7.19    1.32    0.05    8.57 1.176E+01

 e,ep,th,sigb,sigqe=   10.59    3.10   20.58  0.7732E+01  0.1858E-03
 ttarg,sig=  0.0004  0.341E-02  0.331E-04  0.000E+00  0.809E-06
  10.589 20.578  4.19    0.00    7.42    0.94    0.02    8.39  1.000
   3.100  0.298 10.74    0.00    4.88    1.02    0.02    5.92 7.732E+00

 e,ep,th,sigb,sigqe=   10.59    3.10   21.93  0.5190E+01  0.1545E-03
 ttarg,sig=  0.0004  0.224E-02  0.176E-04  0.000E+00  0.254E-06
  10.589 21.934  4.75    0.00    5.69    0.75    0.01    6.45  1.000
   3.100  0.338 10.18    0.00    2.78    0.81    0.01    3.60 5.190E+00

 e,ep,th,sigb,sigqe=   10.59    3.10   23.21  0.3529E+01  0.1317E-03
 ttarg,sig=  0.0004  0.150E-02  0.970E-05  0.000E+00  0.785E-07
  10.589 23.213  5.31    0.00    4.23    0.61    0.01    4.84  1.000
   3.100  0.378  9.62    0.00    0.99    0.65    0.01    1.65 3.529E+00

 e,ep,th,sigb,sigqe=   10.59    3.10   24.43  0.2417E+01  0.1149E-03
 ttarg,sig=  0.0004  0.101E-02  0.551E-05  0.000E+00  0.234E-07
  10.589 24.428  5.88    0.00    2.56    0.50    0.00    3.07  1.000
   3.100  0.418  9.06    0.00   -1.01    0.54    0.00   -0.46 2.417E+00

 e,ep,th,sigb,sigqe=   10.59    3.10   25.59  0.1651E+01  0.1024E-03
 ttarg,sig=  0.0004  0.674E-03  0.321E-05  0.000E+00  0.667E-08
  10.589 25.594  6.44    0.00    1.07    0.43    0.00    1.50  1.000
   3.100  0.458  8.49    0.00   -2.81    0.46    0.00   -2.35 1.652E+00

 e,ep,th,sigb,sigqe=   10.59    3.10   26.70  0.1123E+01  0.9344E-04
 ttarg,sig=  0.0004  0.450E-03  0.193E-05  0.000E+00  0.196E-08
  10.589 26.703  7.00    0.00   -0.33    0.38    0.00    0.05  1.000
   3.100  0.498  7.93    0.00   -4.50    0.41    0.00   -4.09 1.123E+00

 e,ep,th,sigb,sigqe=   10.59    3.10   27.78  0.7515E+00  0.8707E-04
 ttarg,sig=  0.0004  0.296E-03  0.118E-05  0.000E+00  0.680E-09
  10.589 27.778  7.57    0.00   -1.69    0.35    0.00   -1.34  1.000
   3.100  0.538  7.37    0.00   -6.11    0.37    0.00   -5.74 7.516E-01

 e,ep,th,sigb,sigqe=   10.59    3.10   29.92  0.3076E+00  0.8076E-04
 ttarg,sig=  0.0004  0.117E-03  0.453E-06  0.000E+00  0.187E-09
  10.589 29.917  8.75    0.00   -4.41    0.33    0.00   -4.08  1.000
   3.100  0.622  6.19    0.00   -9.31    0.35    0.00   -8.96 3.077E-01

 e,ep,th,sigb,sigqe=   10.59    3.10   31.73  0.1278E+00  0.8273E-04
 ttarg,sig=  0.0004  0.473E-04  0.215E-06  0.000E+00  0.815E-10
  10.589 31.732  9.81    0.00   -6.70    0.38    0.00   -6.33  1.000
   3.100  0.698  5.12    0.00  -12.00    0.40    0.00  -11.60 1.279E-01

 e,ep,th,sigb,sigqe=   10.59    3.10   33.56  0.4517E-01  0.9454E-04
 ttarg,sig=  0.0004  0.162E-04  0.117E-06  0.000E+00  0.285E-10
  10.589 33.562 10.94    0.00   -9.15    0.59    0.00   -8.57  1.000
   3.100  0.779  3.99    0.00  -14.84    0.62    0.00  -14.22 4.526E-02

 e,ep,th,sigb,sigqe=   10.59    2.90   36.12  0.2112E-01  0.8112E-04
 ttarg,sig=  0.0004  0.754E-05  0.795E-07  0.000E+00  0.147E-10
  10.589 36.120 11.81    0.00   -9.61    0.86    0.00   -8.75  1.000
   2.900  0.818  3.50    0.00  -15.26    0.89    0.00  -14.37 2.120E-02

